{"C:\\Setups\\postit\\src\\App.vue": {"path":"C:\\Setups\\postit\\src\\App.vue","statementMap":{"0":{"start":{"line":4,"column":29},"end":{"line":4,"column":125}},"1":{"start":{"line":5,"column":0},"end":{"line":7,"column":3}},"2":{"start":{"line":8,"column":0},"end":{"line":8,"column":25}},"3":{"start":{"line":23,"column":0},"end":{"line":23,"column":13}},"4":{"start":{"line":25,"column":0},"end":{"line":27,"column":3}},"5":{"start":{"line":28,"column":0},"end":{"line":28,"column":24}},"6":{"start":{"line":29,"column":11},"end":{"line":29,"column":25}},"7":{"start":{"line":30,"column":19},"end":{"line":32,"column":1}},"8":{"start":{"line":34,"column":33},"end":{"line":34,"column":74}},"9":{"start":{"line":35,"column":44},"end":{"line":35,"column":96}},"10":{"start":{"line":36,"column":2},"end":{"line":36,"column":187}},"11":{"start":{"line":37,"column":2},"end":{"line":37,"column":49}}},"fnMap":{"0":{"name":"render","decl":{"start":{"line":33,"column":9},"end":{"line":33,"column":15}},"loc":{"start":{"line":33,"column":30},"end":{"line":37,"column":1}},"line":33}},"branchMap":{},"s":{"0":0,"1":0,"2":0,"3":0,"4":0,"5":0,"6":0,"7":0,"8":0,"9":0,"10":0,"11":0},"f":{"0":0},"b":{},"inputSourceMap":{"0":"{","1":"\"","2":"v","3":"e","4":"r","5":"s","6":"i","7":"o","8":"n","9":"\"","10":":","11":"3","12":",","13":"\"","14":"s","15":"o","16":"u","17":"r","18":"c","19":"e","20":"s","21":"\"","22":":","23":"[","24":"\"","25":"C","26":":","27":"\\","28":"\\","29":"S","30":"e","31":"t","32":"u","33":"p","34":"s","35":"\\","36":"\\","37":"p","38":"o","39":"s","40":"t","41":"i","42":"t","43":"\\","44":"\\","45":"s","46":"r","47":"c","48":"\\","49":"\\","50":"A","51":"p","52":"p","53":".","54":"v","55":"u","56":"e","57":"\"","58":"]","59":",","60":"\"","61":"n","62":"a","63":"m","64":"e","65":"s","66":"\"","67":":","68":"[","69":"]","70":",","71":"\"","72":"m","73":"a","74":"p","75":"p","76":"i","77":"n","78":"g","79":"s","80":"\"","81":":","82":"\"","83":";","84":";","85":";","86":";","87":";","88":";","89":";","90":";","91":"A","92":"A","93":"Q","94":"A","95":";","96":"A","97":"A","98":"A","99":"A","100":";","101":"A","102":"A","103":"A","104":"A","105":";","106":"A","107":"A","108":"A","109":"6","110":"E","111":";","112":"A","113":"A","114":"A","115":"A","116":",","117":"i","118":"C","119":"A","120":"E","121":"9","122":"D","123":";","124":"E","125":"A","126":"C","127":"b","128":",","129":"I","130":"A","131":"A","132":"I","133":",","134":"E","135":"A","136":"A","137":"E","138":",","139":"K","140":"A","141":"A","142":"K","143":";","144":"E","145":"A","146":"C","147":"X","148":",","149":"U","150":"A","151":"A","152":"U","153":",","154":"E","155":"A","156":"A","157":"E","158":";","159":"I","160":"A","161":"C","162":"V","163":",","164":"s","165":"B","166":"A","167":"A","168":"s","169":"B","170":";","171":"I","172":"A","173":"A","174":"t","175":"B","176":";","177":"I","178":"A","179":"A","180":"A","181":";","182":"I","183":"A","184":"A","185":"A","186":";","187":"I","188":"A","189":"A","190":"A","191":";","192":"E","193":"A","194":"C","195":"F","196":";","197":"A","198":"A","199":"C","200":"F","201":",","202":"C","203":"A","204":"A","205":"C","206":"\"","207":",","208":"\"","209":"f","210":"i","211":"l","212":"e","213":"\"","214":":","215":"\"","216":"C","217":":","218":"\\","219":"\\","220":"S","221":"e","222":"t","223":"u","224":"p","225":"s","226":"\\","227":"\\","228":"p","229":"o","230":"s","231":"t","232":"i","233":"t","234":"\\","235":"\\","236":"s","237":"r","238":"c","239":"\\","240":"\\","241":"A","242":"p","243":"p","244":".","245":"v","246":"u","247":"e","248":"\"","249":",","250":"\"","251":"s","252":"o","253":"u","254":"r","255":"c","256":"e","257":"s","258":"C","259":"o","260":"n","261":"t","262":"e","263":"n","264":"t","265":"\"","266":":","267":"[","268":"\"","269":"<","270":"t","271":"e","272":"m","273":"p","274":"l","275":"a","276":"t","277":"e","278":">","279":"\\","280":"n","281":" ","282":" ","283":"<","284":"d","285":"i","286":"v","287":" ","288":"i","289":"d","290":"=","291":"\\","292":"\"","293":"a","294":"p","295":"p","296":"\\","297":"\"","298":">","299":"\\","300":"n","301":" ","302":" ","303":" ","304":" ","305":"<","306":"r","307":"o","308":"u","309":"t","310":"e","311":"r","312":"-","313":"v","314":"i","315":"e","316":"w","317":" ","318":"/","319":">","320":"\\","321":"n","322":" ","323":" ","324":" ","325":" ","326":"<","327":"N","328":"o","329":"t","330":"i","331":"f","332":"i","333":"c","334":"a","335":"t","336":"i","337":"o","338":"n","339":"s","340":"C","341":"o","342":"n","343":"t","344":"a","345":"i","346":"n","347":"e","348":"r","349":" ","350":"/","351":">","352":"\\","353":"n","354":" ","355":" ","356":"<","357":"/","358":"d","359":"i","360":"v","361":">","362":"\\","363":"n","364":"<","365":"/","366":"t","367":"e","368":"m","369":"p","370":"l","371":"a","372":"t","373":"e","374":">","375":"\\","376":"n","377":"\\","378":"n","379":"<","380":"s","381":"c","382":"r","383":"i","384":"p","385":"t","386":">","387":"\\","388":"n","389":"i","390":"m","391":"p","392":"o","393":"r","394":"t","395":" ","396":"N","397":"o","398":"t","399":"i","400":"f","401":"i","402":"c","403":"a","404":"t","405":"i","406":"o","407":"n","408":"s","409":"C","410":"o","411":"n","412":"t","413":"a","414":"i","415":"n","416":"e","417":"r","418":" ","419":"f","420":"r","421":"o","422":"m","423":" ","424":"'","425":".","426":"/","427":"c","428":"o","429":"m","430":"p","431":"o","432":"n","433":"e","434":"n","435":"t","436":"s","437":"/","438":"N","439":"o","440":"t","441":"i","442":"f","443":"i","444":"c","445":"a","446":"t","447":"i","448":"o","449":"n","450":"s","451":"C","452":"o","453":"n","454":"t","455":"a","456":"i","457":"n","458":"e","459":"r","460":".","461":"v","462":"u","463":"e","464":"'","465":";","466":"\\","467":"n","468":"\\","469":"n","470":"e","471":"x","472":"p","473":"o","474":"r","475":"t","476":" ","477":"d","478":"e","479":"f","480":"a","481":"u","482":"l","483":"t","484":" ","485":"{","486":"\\","487":"n","488":" ","489":" ","490":"n","491":"a","492":"m","493":"e","494":":","495":" ","496":"'","497":"A","498":"p","499":"p","500":"'","501":",","502":"\\","503":"n","504":" ","505":" ","506":"c","507":"o","508":"m","509":"p","510":"o","511":"n","512":"e","513":"n","514":"t","515":"s","516":":","517":" ","518":"{","519":"\\","520":"n","521":" ","522":" ","523":" ","524":" ","525":"N","526":"o","527":"t","528":"i","529":"f","530":"i","531":"c","532":"a","533":"t","534":"i","535":"o","536":"n","537":"s","538":"C","539":"o","540":"n","541":"t","542":"a","543":"i","544":"n","545":"e","546":"r","547":"\\","548":"n","549":" ","550":" ","551":"}","552":"\\","553":"n","554":"}","555":"\\","556":"n","557":"<","558":"/","559":"s","560":"c","561":"r","562":"i","563":"p","564":"t","565":">","566":"\\","567":"n","568":"\\","569":"n","570":"<","571":"s","572":"t","573":"y","574":"l","575":"e","576":">","577":"\\","578":"n","579":"#","580":"a","581":"p","582":"p","583":" ","584":"{","585":"\\","586":"n","587":" ","588":" ","589":"-","590":"w","591":"e","592":"b","593":"k","594":"i","595":"t","596":"-","597":"f","598":"o","599":"n","600":"t","601":"-","602":"s","603":"m","604":"o","605":"o","606":"t","607":"h","608":"i","609":"n","610":"g","611":":","612":" ","613":"a","614":"n","615":"t","616":"i","617":"a","618":"l","619":"i","620":"a","621":"s","622":"e","623":"d","624":";","625":"\\","626":"n","627":" ","628":" ","629":"-","630":"m","631":"o","632":"z","633":"-","634":"o","635":"s","636":"x","637":"-","638":"f","639":"o","640":"n","641":"t","642":"-","643":"s","644":"m","645":"o","646":"o","647":"t","648":"h","649":"i","650":"n","651":"g","652":":","653":" ","654":"g","655":"r","656":"a","657":"y","658":"s","659":"c","660":"a","661":"l","662":"e","663":";","664":"\\","665":"n","666":" ","667":" ","668":"t","669":"e","670":"x","671":"t","672":"-","673":"a","674":"l","675":"i","676":"g","677":"n","678":":","679":" ","680":"c","681":"e","682":"n","683":"t","684":"e","685":"r","686":";","687":"\\","688":"n","689":" ","690":" ","691":"c","692":"o","693":"l","694":"o","695":"r","696":":","697":" ","698":"#","699":"2","700":"c","701":"3","702":"e","703":"5","704":"0","705":";","706":"\\","707":"n","708":" ","709":" ","710":"m","711":"a","712":"r","713":"g","714":"i","715":"n","716":"-","717":"t","718":"o","719":"p","720":":","721":" ","722":"6","723":"0","724":"p","725":"x","726":";","727":"\\","728":"n","729":"}","730":"\\","731":"n","732":"<","733":"/","734":"s","735":"t","736":"y","737":"l","738":"e","739":">","740":"\\","741":"n","742":"\"","743":"]","744":"}"}}
,"C:\\Setups\\postit\\src\\components\\ConfirmationDialog.vue": {"path":"C:\\Setups\\postit\\src\\components\\ConfirmationDialog.vue","statementMap":{"0":{"start":{"line":4,"column":0},"end":{"line":6,"column":3}},"1":{"start":{"line":7,"column":0},"end":{"line":7,"column":25}},"2":{"start":{"line":8,"column":15},"end":{"line":25,"column":1}},"3":{"start":{"line":26,"column":0},"end":{"line":26,"column":13}},"4":{"start":{"line":28,"column":0},"end":{"line":30,"column":3}},"5":{"start":{"line":31,"column":0},"end":{"line":31,"column":24}},"6":{"start":{"line":32,"column":11},"end":{"line":32,"column":25}},"7":{"start":{"line":33,"column":19},"end":{"line":35,"column":1}},"8":{"start":{"line":36,"column":19},"end":{"line":38,"column":1}},"9":{"start":{"line":39,"column":19},"end":{"line":41,"column":1}},"10":{"start":{"line":42,"column":19},"end":{"line":44,"column":1}},"11":{"start":{"line":45,"column":19},"end":{"line":47,"column":1}},"12":{"start":{"line":49,"column":2},"end":{"line":60,"column":5}},"13":{"start":{"line":52,"column":37},"end":{"line":58,"column":72}},"14":{"start":{"line":54,"column":51},"end":{"line":54,"column":71}},"15":{"start":{"line":57,"column":51},"end":{"line":57,"column":72}},"16":{"start":{"line":61,"column":2},"end":{"line":61,"column":49}}},"fnMap":{"0":{"name":"render","decl":{"start":{"line":48,"column":9},"end":{"line":48,"column":15}},"loc":{"start":{"line":48,"column":30},"end":{"line":61,"column":1}},"line":48},"1":{"name":"(anonymous_1)","decl":{"start":{"line":52,"column":31},"end":{"line":52,"column":32}},"loc":{"start":{"line":52,"column":37},"end":{"line":58,"column":72}},"line":52},"2":{"name":"(anonymous_2)","decl":{"start":{"line":54,"column":41},"end":{"line":54,"column":42}},"loc":{"start":{"line":54,"column":51},"end":{"line":54,"column":71}},"line":54},"3":{"name":"(anonymous_3)","decl":{"start":{"line":57,"column":41},"end":{"line":57,"column":42}},"loc":{"start":{"line":57,"column":51},"end":{"line":57,"column":72}},"line":57}},"branchMap":{"0":{"loc":{"start":{"line":54,"column":15},"end":{"line":54,"column":72}},"type":"binary-expr","locations":[{"start":{"line":54,"column":15},"end":{"line":54,"column":24}},{"start":{"line":54,"column":29},"end":{"line":54,"column":71}}],"line":54},"1":{"loc":{"start":{"line":57,"column":15},"end":{"line":57,"column":73}},"type":"binary-expr","locations":[{"start":{"line":57,"column":15},"end":{"line":57,"column":24}},{"start":{"line":57,"column":29},"end":{"line":57,"column":72}}],"line":57}},"s":{"0":2,"1":2,"2":2,"3":2,"4":2,"5":2,"6":2,"7":2,"8":2,"9":2,"10":2,"11":2,"12":4,"13":4,"14":1,"15":1,"16":2},"f":{"0":4,"1":4,"2":1,"3":1},"b":{"0":[4,4],"1":[4,4]},"inputSourceMap":{"0":"{","1":"\"","2":"v","3":"e","4":"r","5":"s","6":"i","7":"o","8":"n","9":"\"","10":":","11":"3","12":",","13":"\"","14":"s","15":"o","16":"u","17":"r","18":"c","19":"e","20":"s","21":"\"","22":":","23":"[","24":"\"","25":"C","26":":","27":"\\","28":"\\","29":"S","30":"e","31":"t","32":"u","33":"p","34":"s","35":"\\","36":"\\","37":"p","38":"o","39":"s","40":"t","41":"i","42":"t","43":"\\","44":"\\","45":"s","46":"r","47":"c","48":"\\","49":"\\","50":"c","51":"o","52":"m","53":"p","54":"o","55":"n","56":"e","57":"n","58":"t","59":"s","60":"\\","61":"\\","62":"C","63":"o","64":"n","65":"f","66":"i","67":"r","68":"m","69":"a","70":"t","71":"i","72":"o","73":"n","74":"D","75":"i","76":"a","77":"l","78":"o","79":"g","80":".","81":"v","82":"u","83":"e","84":"\"","85":"]","86":",","87":"\"","88":"n","89":"a","90":"m","91":"e","92":"s","93":"\"","94":":","95":"[","96":"]","97":",","98":"\"","99":"m","100":"a","101":"p","102":"p","103":"i","104":"n","105":"g","106":"s","107":"\"","108":":","109":"\"","110":";","111":";","112":";","113":";","114":";","115":";","116":";","117":"i","118":"C","119":"A","120":"o","121":"B","122":"e","123":";","124":"E","125":"A","126":"C","127":"b","128":",","129":"I","130":"A","131":"A","132":"I","133":",","134":"E","135":"A","136":"A","137":"E","138":",","139":"o","140":"B","141":"A","142":"A","143":"o","144":"B","145":";","146":"E","147":"A","148":"C","149":"1","150":"B","151":",","152":"K","153":"A","154":"A","155":"K","156":",","157":"E","158":"A","159":"A","160":"E","161":";","162":"I","163":"A","164":"C","165":"L","166":",","167":"K","168":"A","169":"A","170":"K","171":",","172":"E","173":"A","174":"A","175":"E","176":";","177":"M","178":"A","179":"C","180":"L","181":",","182":"I","183":"A","184":"A","185":"I","186":",","187":"E","188":"A","189":"A","190":"E","191":",","192":"M","193":"A","194":"A","195":"M","196":";","197":"M","198":"A","199":"C","200":"Z","201":",","202":"O","203":"A","204":"A","205":"O","206":",","207":"E","208":"A","209":"A","210":"E","211":";","212":"I","213":"A","214":"C","215":"X","216":",","217":"C","218":"A","219":"A","220":"C","221":";","222":"I","223":"A","224":"C","225":"D","226":",","227":"O","228":"A","229":"A","230":"O","231":",","232":"E","233":"A","234":"A","235":"E","236":";","237":"M","238":"A","239":"C","240":"P","241":",","242":"I","243":"A","244":"A","245":"I","246":",","247":"E","248":"A","249":"A","250":"E","251":",","252":"M","253":"A","254":"A","255":"M","256":";","257":"M","258":"A","259":"C","260":"Z","261":",","262":"Q","263":"A","264":"A","265":"Q","266":",","267":"E","268":"A","269":"A","270":"E","271":";","272":"I","273":"A","274":"C","275":"Z","276":",","277":"C","278":"A","279":"A","280":"C","281":";","282":"I","283":"A","284":"C","285":"D","286":",","287":"W","288":"A","289":"A","290":"W","291":",","292":"E","293":"A","294":"A","295":"E","296":";","297":"M","298":"A","299":"C","300":"X","301":",","302":"I","303":"A","304":"A","305":"I","306":",","307":"E","308":"A","309":"A","310":"E","311":",","312":"M","313":"A","314":"A","315":"M","316":";","317":"M","318":"A","319":"C","320":"Z","321":",","322":"O","323":"A","324":"A","325":"O","326":",","327":"E","328":"A","329":"A","330":"E","331":";","332":"I","333":"A","334":"C","335":"X","336":";","337":"E","338":"A","339":"C","340":"F","341":",","342":"C","343":"A","344":"A","345":"C","346":";","347":"E","348":"A","349":"C","350":"D","351":",","352":"K","353":"A","354":"A","355":"K","356":",","357":"E","358":"A","359":"A","360":"E","361":",","362":"C","363":"A","364":"A","365":"C","366":",","367":"S","368":"A","369":"A","370":"S","371":",","372":"E","373":"A","374":"A","375":"E","376":",","377":"Q","378":"A","379":"A","380":"Q","381":";","382":"A","383":"A","384":"C","385":"7","386":"B","387":",","388":"C","389":"A","390":"A","391":"C","392":"\"","393":",","394":"\"","395":"f","396":"i","397":"l","398":"e","399":"\"","400":":","401":"\"","402":"C","403":":","404":"\\","405":"\\","406":"S","407":"e","408":"t","409":"u","410":"p","411":"s","412":"\\","413":"\\","414":"p","415":"o","416":"s","417":"t","418":"i","419":"t","420":"\\","421":"\\","422":"s","423":"r","424":"c","425":"\\","426":"\\","427":"c","428":"o","429":"m","430":"p","431":"o","432":"n","433":"e","434":"n","435":"t","436":"s","437":"\\","438":"\\","439":"C","440":"o","441":"n","442":"f","443":"i","444":"r","445":"m","446":"a","447":"t","448":"i","449":"o","450":"n","451":"D","452":"i","453":"a","454":"l","455":"o","456":"g","457":".","458":"v","459":"u","460":"e","461":"\"","462":",","463":"\"","464":"s","465":"o","466":"u","467":"r","468":"c","469":"e","470":"s","471":"C","472":"o","473":"n","474":"t","475":"e","476":"n","477":"t","478":"\"","479":":","480":"[","481":"\"","482":"<","483":"t","484":"e","485":"m","486":"p","487":"l","488":"a","489":"t","490":"e","491":">","492":"\\","493":"r","494":"\\","495":"n","496":" ","497":" ","498":"<","499":"t","500":"r","501":"a","502":"n","503":"s","504":"i","505":"t","506":"i","507":"o","508":"n","509":" ","510":"n","511":"a","512":"m","513":"e","514":"=","515":"\\","516":"\"","517":"f","518":"a","519":"d","520":"e","521":"\\","522":"\"","523":">","524":"\\","525":"r","526":"\\","527":"n","528":" ","529":" ","530":" ","531":" ","532":"<","533":"d","534":"i","535":"v","536":" ","537":"c","538":"l","539":"a","540":"s","541":"s","542":"=","543":"\\","544":"\"","545":"c","546":"o","547":"n","548":"f","549":"i","550":"r","551":"m","552":"a","553":"t","554":"i","555":"o","556":"n","557":"-","558":"o","559":"v","560":"e","561":"r","562":"l","563":"a","564":"y","565":"\\","566":"\"","567":">","568":"\\","569":"r","570":"\\","571":"n","572":" ","573":" ","574":" ","575":" ","576":" ","577":" ","578":"<","579":"d","580":"i","581":"v","582":" ","583":"c","584":"l","585":"a","586":"s","587":"s","588":"=","589":"\\","590":"\"","591":"c","592":"o","593":"n","594":"f","595":"i","596":"r","597":"m","598":"a","599":"t","600":"i","601":"o","602":"n","603":"-","604":"d","605":"i","606":"a","607":"l","608":"o","609":"g","610":"\\","611":"\"","612":">","613":"\\","614":"r","615":"\\","616":"n","617":" ","618":" ","619":" ","620":" ","621":" ","622":" ","623":" ","624":" ","625":"<","626":"d","627":"i","628":"v","629":" ","630":"c","631":"l","632":"a","633":"s","634":"s","635":"=","636":"\\","637":"\"","638":"c","639":"o","640":"n","641":"f","642":"i","643":"r","644":"m","645":"a","646":"t","647":"i","648":"o","649":"n","650":"-","651":"h","652":"e","653":"a","654":"d","655":"e","656":"r","657":"\\","658":"\"","659":">","660":"\\","661":"r","662":"\\","663":"n","664":" ","665":" ","666":" ","667":" ","668":" ","669":" ","670":" ","671":" ","672":" ","673":" ","674":"<","675":"h","676":"3","677":">","678":"{","679":"{","680":" ","681":"t","682":"i","683":"t","684":"l","685":"e","686":" ","687":"}","688":"}","689":"<","690":"/","691":"h","692":"3","693":">","694":"\\","695":"r","696":"\\","697":"n","698":" ","699":" ","700":" ","701":" ","702":" ","703":" ","704":" ","705":" ","706":"<","707":"/","708":"d","709":"i","710":"v","711":">","712":"\\","713":"r","714":"\\","715":"n","716":" ","717":" ","718":" ","719":" ","720":" ","721":" ","722":" ","723":" ","724":"<","725":"d","726":"i","727":"v","728":" ","729":"c","730":"l","731":"a","732":"s","733":"s","734":"=","735":"\\","736":"\"","737":"c","738":"o","739":"n","740":"f","741":"i","742":"r","743":"m","744":"a","745":"t","746":"i","747":"o","748":"n","749":"-","750":"b","751":"o","752":"d","753":"y","754":"\\","755":"\"","756":">","757":"\\","758":"r","759":"\\","760":"n","761":" ","762":" ","763":" ","764":" ","765":" ","766":" ","767":" ","768":" ","769":" ","770":" ","771":"<","772":"p","773":">","774":"{","775":"{","776":" ","777":"m","778":"e","779":"s","780":"s","781":"a","782":"g","783":"e","784":" ","785":"}","786":"}","787":"<","788":"/","789":"p","790":">","791":"\\","792":"r","793":"\\","794":"n","795":" ","796":" ","797":" ","798":" ","799":" ","800":" ","801":" ","802":" ","803":"<","804":"/","805":"d","806":"i","807":"v","808":">","809":"\\","810":"r","811":"\\","812":"n","813":" ","814":" ","815":" ","816":" ","817":" ","818":" ","819":" ","820":" ","821":"<","822":"d","823":"i","824":"v","825":" ","826":"c","827":"l","828":"a","829":"s","830":"s","831":"=","832":"\\","833":"\"","834":"c","835":"o","836":"n","837":"f","838":"i","839":"r","840":"m","841":"a","842":"t","843":"i","844":"o","845":"n","846":"-","847":"a","848":"c","849":"t","850":"i","851":"o","852":"n","853":"s","854":"\\","855":"\"","856":">","857":"\\","858":"r","859":"\\","860":"n","861":" ","862":" ","863":" ","864":" ","865":" ","866":" ","867":" ","868":" ","869":" ","870":" ","871":"<","872":"b","873":"u","874":"t","875":"t","876":"o","877":"n","878":" ","879":"c","880":"l","881":"a","882":"s","883":"s","884":"=","885":"\\","886":"\"","887":"c","888":"a","889":"n","890":"c","891":"e","892":"l","893":"-","894":"b","895":"t","896":"n","897":"\\","898":"\"","899":" ","900":"@","901":"c","902":"l","903":"i","904":"c","905":"k","906":"=","907":"\\","908":"\"","909":"$","910":"e","911":"m","912":"i","913":"t","914":"(","915":"'","916":"c","917":"a","918":"n","919":"c","920":"e","921":"l","922":"'","923":")","924":"\\","925":"\"","926":">","927":"A","928":"n","929":"n","930":"u","931":"l","932":"e","933":"r","934":"<","935":"/","936":"b","937":"u","938":"t","939":"t","940":"o","941":"n","942":">","943":"\\","944":"r","945":"\\","946":"n","947":" ","948":" ","949":" ","950":" ","951":" ","952":" ","953":" ","954":" ","955":" ","956":" ","957":"<","958":"b","959":"u","960":"t","961":"t","962":"o","963":"n","964":" ","965":"c","966":"l","967":"a","968":"s","969":"s","970":"=","971":"\\","972":"\"","973":"c","974":"o","975":"n","976":"f","977":"i","978":"r","979":"m","980":"-","981":"b","982":"t","983":"n","984":"\\","985":"\"","986":" ","987":"@","988":"c","989":"l","990":"i","991":"c","992":"k","993":"=","994":"\\","995":"\"","996":"$","997":"e","998":"m","999":"i","1000":"t","1001":"(","1002":"'","1003":"c","1004":"o","1005":"n","1006":"f","1007":"i","1008":"r","1009":"m","1010":"'","1011":")","1012":"\\","1013":"\"","1014":">","1015":"{","1016":"{","1017":" ","1018":"c","1019":"o","1020":"n","1021":"f","1022":"i","1023":"r","1024":"m","1025":"T","1026":"e","1027":"x","1028":"t","1029":" ","1030":"}","1031":"}","1032":"<","1033":"/","1034":"b","1035":"u","1036":"t","1037":"t","1038":"o","1039":"n","1040":">","1041":"\\","1042":"r","1043":"\\","1044":"n","1045":" ","1046":" ","1047":" ","1048":" ","1049":" ","1050":" ","1051":" ","1052":" ","1053":"<","1054":"/","1055":"d","1056":"i","1057":"v","1058":">","1059":"\\","1060":"r","1061":"\\","1062":"n","1063":" ","1064":" ","1065":" ","1066":" ","1067":" ","1068":" ","1069":"<","1070":"/","1071":"d","1072":"i","1073":"v","1074":">","1075":"\\","1076":"r","1077":"\\","1078":"n","1079":" ","1080":" ","1081":" ","1082":" ","1083":"<","1084":"/","1085":"d","1086":"i","1087":"v","1088":">","1089":"\\","1090":"r","1091":"\\","1092":"n","1093":" ","1094":" ","1095":"<","1096":"/","1097":"t","1098":"r","1099":"a","1100":"n","1101":"s","1102":"i","1103":"t","1104":"i","1105":"o","1106":"n","1107":">","1108":"\\","1109":"r","1110":"\\","1111":"n","1112":"<","1113":"/","1114":"t","1115":"e","1116":"m","1117":"p","1118":"l","1119":"a","1120":"t","1121":"e","1122":">","1123":"\\","1124":"r","1125":"\\","1126":"n","1127":"\\","1128":"r","1129":"\\","1130":"n","1131":"<","1132":"s","1133":"c","1134":"r","1135":"i","1136":"p","1137":"t","1138":">","1139":"\\","1140":"r","1141":"\\","1142":"n","1143":"e","1144":"x","1145":"p","1146":"o","1147":"r","1148":"t","1149":" ","1150":"d","1151":"e","1152":"f","1153":"a","1154":"u","1155":"l","1156":"t","1157":" ","1158":"{","1159":"\\","1160":"r","1161":"\\","1162":"n","1163":" ","1164":" ","1165":"n","1166":"a","1167":"m","1168":"e","1169":":","1170":" ","1171":"'","1172":"C","1173":"o","1174":"n","1175":"f","1176":"i","1177":"r","1178":"m","1179":"a","1180":"t","1181":"i","1182":"o","1183":"n","1184":"D","1185":"i","1186":"a","1187":"l","1188":"o","1189":"g","1190":"'","1191":",","1192":"\\","1193":"r","1194":"\\","1195":"n","1196":" ","1197":" ","1198":"p","1199":"r","1200":"o","1201":"p","1202":"s","1203":":","1204":" ","1205":"{","1206":"\\","1207":"r","1208":"\\","1209":"n","1210":" ","1211":" ","1212":" ","1213":" ","1214":"t","1215":"i","1216":"t","1217":"l","1218":"e","1219":":","1220":" ","1221":"{","1222":"\\","1223":"r","1224":"\\","1225":"n","1226":" ","1227":" ","1228":" ","1229":" ","1230":" ","1231":" ","1232":"t","1233":"y","1234":"p","1235":"e","1236":":","1237":" ","1238":"S","1239":"t","1240":"r","1241":"i","1242":"n","1243":"g","1244":",","1245":"\\","1246":"r","1247":"\\","1248":"n","1249":" ","1250":" ","1251":" ","1252":" ","1253":" ","1254":" ","1255":"d","1256":"e","1257":"f","1258":"a","1259":"u","1260":"l","1261":"t","1262":":","1263":" ","1264":"'","1265":"C","1266":"o","1267":"n","1268":"f","1269":"i","1270":"r","1271":"m","1272":"a","1273":"t","1274":"i","1275":"o","1276":"n","1277":"'","1278":"\\","1279":"r","1280":"\\","1281":"n","1282":" ","1283":" ","1284":" ","1285":" ","1286":"}","1287":",","1288":"\\","1289":"r","1290":"\\","1291":"n","1292":" ","1293":" ","1294":" ","1295":" ","1296":"m","1297":"e","1298":"s","1299":"s","1300":"a","1301":"g","1302":"e","1303":":","1304":" ","1305":"{","1306":"\\","1307":"r","1308":"\\","1309":"n","1310":" ","1311":" ","1312":" ","1313":" ","1314":" ","1315":" ","1316":"t","1317":"y","1318":"p","1319":"e","1320":":","1321":" ","1322":"S","1323":"t","1324":"r","1325":"i","1326":"n","1327":"g","1328":",","1329":"\\","1330":"r","1331":"\\","1332":"n","1333":" ","1334":" ","1335":" ","1336":" ","1337":" ","1338":" ","1339":"r","1340":"e","1341":"q","1342":"u","1343":"i","1344":"r","1345":"e","1346":"d","1347":":","1348":" ","1349":"t","1350":"r","1351":"u","1352":"e","1353":"\\","1354":"r","1355":"\\","1356":"n","1357":" ","1358":" ","1359":" ","1360":" ","1361":"}","1362":",","1363":"\\","1364":"r","1365":"\\","1366":"n","1367":" ","1368":" ","1369":" ","1370":" ","1371":"c","1372":"o","1373":"n","1374":"f","1375":"i","1376":"r","1377":"m","1378":"T","1379":"e","1380":"x","1381":"t","1382":":","1383":" ","1384":"{","1385":"\\","1386":"r","1387":"\\","1388":"n","1389":" ","1390":" ","1391":" ","1392":" ","1393":" ","1394":" ","1395":"t","1396":"y","1397":"p","1398":"e","1399":":","1400":" ","1401":"S","1402":"t","1403":"r","1404":"i","1405":"n","1406":"g","1407":",","1408":"\\","1409":"r","1410":"\\","1411":"n","1412":" ","1413":" ","1414":" ","1415":" ","1416":" ","1417":" ","1418":"d","1419":"e","1420":"f","1421":"a","1422":"u","1423":"l","1424":"t","1425":":","1426":" ","1427":"'","1428":"C","1429":"o","1430":"n","1431":"f","1432":"i","1433":"r","1434":"m","1435":"e","1436":"r","1437":"'","1438":"\\","1439":"r","1440":"\\","1441":"n","1442":" ","1443":" ","1444":" ","1445":" ","1446":"}","1447":"\\","1448":"r","1449":"\\","1450":"n","1451":" ","1452":" ","1453":"}","1454":",","1455":"\\","1456":"r","1457":"\\","1458":"n","1459":" ","1460":" ","1461":"e","1462":"m","1463":"i","1464":"t","1465":"s","1466":":","1467":" ","1468":"[","1469":"'","1470":"c","1471":"o","1472":"n","1473":"f","1474":"i","1475":"r","1476":"m","1477":"'","1478":",","1479":" ","1480":"'","1481":"c","1482":"a","1483":"n","1484":"c","1485":"e","1486":"l","1487":"'","1488":"]","1489":"\\","1490":"r","1491":"\\","1492":"n","1493":"}","1494":";","1495":"\\","1496":"r","1497":"\\","1498":"n","1499":"<","1500":"/","1501":"s","1502":"c","1503":"r","1504":"i","1505":"p","1506":"t","1507":">","1508":"\\","1509":"r","1510":"\\","1511":"n","1512":"\\","1513":"r","1514":"\\","1515":"n","1516":"<","1517":"s","1518":"t","1519":"y","1520":"l","1521":"e","1522":" ","1523":"s","1524":"c","1525":"o","1526":"p","1527":"e","1528":"d","1529":">","1530":"\\","1531":"r","1532":"\\","1533":"n","1534":".","1535":"c","1536":"o","1537":"n","1538":"f","1539":"i","1540":"r","1541":"m","1542":"a","1543":"t","1544":"i","1545":"o","1546":"n","1547":"-","1548":"o","1549":"v","1550":"e","1551":"r","1552":"l","1553":"a","1554":"y","1555":" ","1556":"{","1557":"\\","1558":"r","1559":"\\","1560":"n","1561":" ","1562":" ","1563":"p","1564":"o","1565":"s","1566":"i","1567":"t","1568":"i","1569":"o","1570":"n","1571":":","1572":" ","1573":"f","1574":"i","1575":"x","1576":"e","1577":"d","1578":";","1579":"\\","1580":"r","1581":"\\","1582":"n","1583":" ","1584":" ","1585":"t","1586":"o","1587":"p","1588":":","1589":" ","1590":"0","1591":";","1592":"\\","1593":"r","1594":"\\","1595":"n","1596":" ","1597":" ","1598":"l","1599":"e","1600":"f","1601":"t","1602":":","1603":" ","1604":"0","1605":";","1606":"\\","1607":"r","1608":"\\","1609":"n","1610":" ","1611":" ","1612":"r","1613":"i","1614":"g","1615":"h","1616":"t","1617":":","1618":" ","1619":"0","1620":";","1621":"\\","1622":"r","1623":"\\","1624":"n","1625":" ","1626":" ","1627":"b","1628":"o","1629":"t","1630":"t","1631":"o","1632":"m","1633":":","1634":" ","1635":"0","1636":";","1637":"\\","1638":"r","1639":"\\","1640":"n","1641":" ","1642":" ","1643":"b","1644":"a","1645":"c","1646":"k","1647":"g","1648":"r","1649":"o","1650":"u","1651":"n","1652":"d","1653":"-","1654":"c","1655":"o","1656":"l","1657":"o","1658":"r","1659":":","1660":" ","1661":"r","1662":"g","1663":"b","1664":"a","1665":"(","1666":"0","1667":",","1668":" ","1669":"0","1670":",","1671":" ","1672":"0","1673":",","1674":" ","1675":"0","1676":".","1677":"5","1678":")","1679":";","1680":"\\","1681":"r","1682":"\\","1683":"n","1684":" ","1685":" ","1686":"d","1687":"i","1688":"s","1689":"p","1690":"l","1691":"a","1692":"y","1693":":","1694":" ","1695":"f","1696":"l","1697":"e","1698":"x","1699":";","1700":"\\","1701":"r","1702":"\\","1703":"n","1704":" ","1705":" ","1706":"a","1707":"l","1708":"i","1709":"g","1710":"n","1711":"-","1712":"i","1713":"t","1714":"e","1715":"m","1716":"s","1717":":","1718":" ","1719":"c","1720":"e","1721":"n","1722":"t","1723":"e","1724":"r","1725":";","1726":"\\","1727":"r","1728":"\\","1729":"n","1730":" ","1731":" ","1732":"j","1733":"u","1734":"s","1735":"t","1736":"i","1737":"f","1738":"y","1739":"-","1740":"c","1741":"o","1742":"n","1743":"t","1744":"e","1745":"n","1746":"t","1747":":","1748":" ","1749":"c","1750":"e","1751":"n","1752":"t","1753":"e","1754":"r","1755":";","1756":"\\","1757":"r","1758":"\\","1759":"n","1760":" ","1761":" ","1762":"z","1763":"-","1764":"i","1765":"n","1766":"d","1767":"e","1768":"x","1769":":","1770":" ","1771":"1","1772":"1","1773":"0","1774":"0","1775":";","1776":"\\","1777":"r","1778":"\\","1779":"n","1780":"}","1781":"\\","1782":"r","1783":"\\","1784":"n","1785":"\\","1786":"r","1787":"\\","1788":"n","1789":".","1790":"c","1791":"o","1792":"n","1793":"f","1794":"i","1795":"r","1796":"m","1797":"a","1798":"t","1799":"i","1800":"o","1801":"n","1802":"-","1803":"d","1804":"i","1805":"a","1806":"l","1807":"o","1808":"g","1809":" ","1810":"{","1811":"\\","1812":"r","1813":"\\","1814":"n","1815":" ","1816":" ","1817":"b","1818":"a","1819":"c","1820":"k","1821":"g","1822":"r","1823":"o","1824":"u","1825":"n","1826":"d","1827":"-","1828":"c","1829":"o","1830":"l","1831":"o","1832":"r","1833":":","1834":" ","1835":"#","1836":"f","1837":"f","1838":"f","1839":";","1840":"\\","1841":"r","1842":"\\","1843":"n","1844":" ","1845":" ","1846":"b","1847":"o","1848":"r","1849":"d","1850":"e","1851":"r","1852":"-","1853":"r","1854":"a","1855":"d","1856":"i","1857":"u","1858":"s","1859":":","1860":" ","1861":"8","1862":"p","1863":"x","1864":";","1865":"\\","1866":"r","1867":"\\","1868":"n","1869":" ","1870":" ","1871":"b","1872":"o","1873":"x","1874":"-","1875":"s","1876":"h","1877":"a","1878":"d","1879":"o","1880":"w","1881":":","1882":" ","1883":"0","1884":" ","1885":"4","1886":"p","1887":"x","1888":" ","1889":"1","1890":"2","1891":"p","1892":"x","1893":" ","1894":"r","1895":"g","1896":"b","1897":"a","1898":"(","1899":"0","1900":",","1901":" ","1902":"0","1903":",","1904":" ","1905":"0","1906":",","1907":" ","1908":"0","1909":".","1910":"1","1911":"5","1912":")","1913":";","1914":"\\","1915":"r","1916":"\\","1917":"n","1918":" ","1919":" ","1920":"w","1921":"i","1922":"d","1923":"t","1924":"h","1925":":","1926":" ","1927":"9","1928":"0","1929":"%","1930":";","1931":"\\","1932":"r","1933":"\\","1934":"n","1935":" ","1936":" ","1937":"m","1938":"a","1939":"x","1940":"-","1941":"w","1942":"i","1943":"d","1944":"t","1945":"h","1946":":","1947":" ","1948":"4","1949":"0","1950":"0","1951":"p","1952":"x","1953":";","1954":"\\","1955":"r","1956":"\\","1957":"n","1958":" ","1959":" ","1960":"o","1961":"v","1962":"e","1963":"r","1964":"f","1965":"l","1966":"o","1967":"w","1968":":","1969":" ","1970":"h","1971":"i","1972":"d","1973":"d","1974":"e","1975":"n","1976":";","1977":"\\","1978":"r","1979":"\\","1980":"n","1981":"}","1982":"\\","1983":"r","1984":"\\","1985":"n","1986":"\\","1987":"r","1988":"\\","1989":"n","1990":".","1991":"c","1992":"o","1993":"n","1994":"f","1995":"i","1996":"r","1997":"m","1998":"a","1999":"t","2000":"i","2001":"o","2002":"n","2003":"-","2004":"h","2005":"e","2006":"a","2007":"d","2008":"e","2009":"r","2010":" ","2011":"{","2012":"\\","2013":"r","2014":"\\","2015":"n","2016":" ","2017":" ","2018":"p","2019":"a","2020":"d","2021":"d","2022":"i","2023":"n","2024":"g","2025":":","2026":" ","2027":"1","2028":"6","2029":"p","2030":"x","2031":";","2032":"\\","2033":"r","2034":"\\","2035":"n","2036":" ","2037":" ","2038":"b","2039":"o","2040":"r","2041":"d","2042":"e","2043":"r","2044":"-","2045":"b","2046":"o","2047":"t","2048":"t","2049":"o","2050":"m","2051":":","2052":" ","2053":"1","2054":"p","2055":"x","2056":" ","2057":"s","2058":"o","2059":"l","2060":"i","2061":"d","2062":" ","2063":"#","2064":"e","2065":"8","2066":"e","2067":"8","2068":"e","2069":"8","2070":";","2071":"\\","2072":"r","2073":"\\","2074":"n","2075":"}","2076":"\\","2077":"r","2078":"\\","2079":"n","2080":"\\","2081":"r","2082":"\\","2083":"n","2084":".","2085":"c","2086":"o","2087":"n","2088":"f","2089":"i","2090":"r","2091":"m","2092":"a","2093":"t","2094":"i","2095":"o","2096":"n","2097":"-","2098":"h","2099":"e","2100":"a","2101":"d","2102":"e","2103":"r","2104":" ","2105":"h","2106":"3","2107":" ","2108":"{","2109":"\\","2110":"r","2111":"\\","2112":"n","2113":" ","2114":" ","2115":"m","2116":"a","2117":"r","2118":"g","2119":"i","2120":"n","2121":":","2122":" ","2123":"0","2124":";","2125":"\\","2126":"r","2127":"\\","2128":"n","2129":" ","2130":" ","2131":"f","2132":"o","2133":"n","2134":"t","2135":"-","2136":"s","2137":"i","2138":"z","2139":"e","2140":":","2141":" ","2142":"1","2143":"8","2144":"p","2145":"x","2146":";","2147":"\\","2148":"r","2149":"\\","2150":"n","2151":" ","2152":" ","2153":"c","2154":"o","2155":"l","2156":"o","2157":"r","2158":":","2159":" ","2160":"#","2161":"3","2162":"3","2163":"3","2164":";","2165":"\\","2166":"r","2167":"\\","2168":"n","2169":"}","2170":"\\","2171":"r","2172":"\\","2173":"n","2174":"\\","2175":"r","2176":"\\","2177":"n","2178":".","2179":"c","2180":"o","2181":"n","2182":"f","2183":"i","2184":"r","2185":"m","2186":"a","2187":"t","2188":"i","2189":"o","2190":"n","2191":"-","2192":"b","2193":"o","2194":"d","2195":"y","2196":" ","2197":"{","2198":"\\","2199":"r","2200":"\\","2201":"n","2202":" ","2203":" ","2204":"p","2205":"a","2206":"d","2207":"d","2208":"i","2209":"n","2210":"g","2211":":","2212":" ","2213":"2","2214":"0","2215":"p","2216":"x","2217":" ","2218":"1","2219":"6","2220":"p","2221":"x","2222":";","2223":"\\","2224":"r","2225":"\\","2226":"n","2227":"}","2228":"\\","2229":"r","2230":"\\","2231":"n","2232":"\\","2233":"r","2234":"\\","2235":"n","2236":".","2237":"c","2238":"o","2239":"n","2240":"f","2241":"i","2242":"r","2243":"m","2244":"a","2245":"t","2246":"i","2247":"o","2248":"n","2249":"-","2250":"b","2251":"o","2252":"d","2253":"y","2254":" ","2255":"p","2256":" ","2257":"{","2258":"\\","2259":"r","2260":"\\","2261":"n","2262":" ","2263":" ","2264":"m","2265":"a","2266":"r","2267":"g","2268":"i","2269":"n","2270":":","2271":" ","2272":"0","2273":";","2274":"\\","2275":"r","2276":"\\","2277":"n","2278":" ","2279":" ","2280":"c","2281":"o","2282":"l","2283":"o","2284":"r","2285":":","2286":" ","2287":"#","2288":"6","2289":"6","2290":"6","2291":";","2292":"\\","2293":"r","2294":"\\","2295":"n","2296":" ","2297":" ","2298":"l","2299":"i","2300":"n","2301":"e","2302":"-","2303":"h","2304":"e","2305":"i","2306":"g","2307":"h","2308":"t","2309":":","2310":" ","2311":"1","2312":".","2313":"5","2314":";","2315":"\\","2316":"r","2317":"\\","2318":"n","2319":"}","2320":"\\","2321":"r","2322":"\\","2323":"n","2324":"\\","2325":"r","2326":"\\","2327":"n","2328":".","2329":"c","2330":"o","2331":"n","2332":"f","2333":"i","2334":"r","2335":"m","2336":"a","2337":"t","2338":"i","2339":"o","2340":"n","2341":"-","2342":"a","2343":"c","2344":"t","2345":"i","2346":"o","2347":"n","2348":"s","2349":" ","2350":"{","2351":"\\","2352":"r","2353":"\\","2354":"n","2355":" ","2356":" ","2357":"p","2358":"a","2359":"d","2360":"d","2361":"i","2362":"n","2363":"g","2364":":","2365":" ","2366":"1","2367":"0","2368":"p","2369":"x","2370":" ","2371":"1","2372":"6","2373":"p","2374":"x","2375":" ","2376":"1","2377":"6","2378":"p","2379":"x","2380":";","2381":"\\","2382":"r","2383":"\\","2384":"n","2385":" ","2386":" ","2387":"d","2388":"i","2389":"s","2390":"p","2391":"l","2392":"a","2393":"y","2394":":","2395":" ","2396":"f","2397":"l","2398":"e","2399":"x","2400":";","2401":"\\","2402":"r","2403":"\\","2404":"n","2405":" ","2406":" ","2407":"j","2408":"u","2409":"s","2410":"t","2411":"i","2412":"f","2413":"y","2414":"-","2415":"c","2416":"o","2417":"n","2418":"t","2419":"e","2420":"n","2421":"t","2422":":","2423":" ","2424":"f","2425":"l","2426":"e","2427":"x","2428":"-","2429":"e","2430":"n","2431":"d","2432":";","2433":"\\","2434":"r","2435":"\\","2436":"n","2437":" ","2438":" ","2439":"g","2440":"a","2441":"p","2442":":","2443":" ","2444":"1","2445":"0","2446":"p","2447":"x","2448":";","2449":"\\","2450":"r","2451":"\\","2452":"n","2453":"}","2454":"\\","2455":"r","2456":"\\","2457":"n","2458":"\\","2459":"r","2460":"\\","2461":"n","2462":".","2463":"c","2464":"a","2465":"n","2466":"c","2467":"e","2468":"l","2469":"-","2470":"b","2471":"t","2472":"n","2473":",","2474":" ","2475":".","2476":"c","2477":"o","2478":"n","2479":"f","2480":"i","2481":"r","2482":"m","2483":"-","2484":"b","2485":"t","2486":"n","2487":" ","2488":"{","2489":"\\","2490":"r","2491":"\\","2492":"n","2493":" ","2494":" ","2495":"p","2496":"a","2497":"d","2498":"d","2499":"i","2500":"n","2501":"g","2502":":","2503":" ","2504":"8","2505":"p","2506":"x","2507":" ","2508":"1","2509":"6","2510":"p","2511":"x","2512":";","2513":"\\","2514":"r","2515":"\\","2516":"n","2517":" ","2518":" ","2519":"b","2520":"o","2521":"r","2522":"d","2523":"e","2524":"r","2525":"-","2526":"r","2527":"a","2528":"d","2529":"i","2530":"u","2531":"s","2532":":","2533":" ","2534":"4","2535":"p","2536":"x","2537":";","2538":"\\","2539":"r","2540":"\\","2541":"n","2542":" ","2543":" ","2544":"f","2545":"o","2546":"n","2547":"t","2548":"-","2549":"w","2550":"e","2551":"i","2552":"g","2553":"h","2554":"t","2555":":","2556":" ","2557":"6","2558":"0","2559":"0","2560":";","2561":"\\","2562":"r","2563":"\\","2564":"n","2565":" ","2566":" ","2567":"c","2568":"u","2569":"r","2570":"s","2571":"o","2572":"r","2573":":","2574":" ","2575":"p","2576":"o","2577":"i","2578":"n","2579":"t","2580":"e","2581":"r","2582":";","2583":"\\","2584":"r","2585":"\\","2586":"n","2587":" ","2588":" ","2589":"b","2590":"o","2591":"r","2592":"d","2593":"e","2594":"r","2595":":","2596":" ","2597":"n","2598":"o","2599":"n","2600":"e","2601":";","2602":"\\","2603":"r","2604":"\\","2605":"n","2606":"}","2607":"\\","2608":"r","2609":"\\","2610":"n","2611":"\\","2612":"r","2613":"\\","2614":"n","2615":".","2616":"c","2617":"a","2618":"n","2619":"c","2620":"e","2621":"l","2622":"-","2623":"b","2624":"t","2625":"n","2626":" ","2627":"{","2628":"\\","2629":"r","2630":"\\","2631":"n","2632":" ","2633":" ","2634":"b","2635":"a","2636":"c","2637":"k","2638":"g","2639":"r","2640":"o","2641":"u","2642":"n","2643":"d","2644":"-","2645":"c","2646":"o","2647":"l","2648":"o","2649":"r","2650":":","2651":" ","2652":"#","2653":"f","2654":"5","2655":"f","2656":"5","2657":"f","2658":"5","2659":";","2660":"\\","2661":"r","2662":"\\","2663":"n","2664":" ","2665":" ","2666":"c","2667":"o","2668":"l","2669":"o","2670":"r","2671":":","2672":" ","2673":"#","2674":"6","2675":"6","2676":"6","2677":";","2678":"\\","2679":"r","2680":"\\","2681":"n","2682":"}","2683":"\\","2684":"r","2685":"\\","2686":"n","2687":"\\","2688":"r","2689":"\\","2690":"n","2691":".","2692":"c","2693":"o","2694":"n","2695":"f","2696":"i","2697":"r","2698":"m","2699":"-","2700":"b","2701":"t","2702":"n","2703":" ","2704":"{","2705":"\\","2706":"r","2707":"\\","2708":"n","2709":" ","2710":" ","2711":"b","2712":"a","2713":"c","2714":"k","2715":"g","2716":"r","2717":"o","2718":"u","2719":"n","2720":"d","2721":"-","2722":"c","2723":"o","2724":"l","2725":"o","2726":"r","2727":":","2728":" ","2729":"#","2730":"d","2731":"c","2732":"3","2733":"5","2734":"4","2735":"5","2736":";","2737":"\\","2738":"r","2739":"\\","2740":"n","2741":" ","2742":" ","2743":"c","2744":"o","2745":"l","2746":"o","2747":"r","2748":":","2749":" ","2750":"w","2751":"h","2752":"i","2753":"t","2754":"e","2755":";","2756":"\\","2757":"r","2758":"\\","2759":"n","2760":"}","2761":"\\","2762":"r","2763":"\\","2764":"n","2765":"\\","2766":"r","2767":"\\","2768":"n","2769":".","2770":"c","2771":"a","2772":"n","2773":"c","2774":"e","2775":"l","2776":"-","2777":"b","2778":"t","2779":"n","2780":":","2781":"h","2782":"o","2783":"v","2784":"e","2785":"r","2786":" ","2787":"{","2788":"\\","2789":"r","2790":"\\","2791":"n","2792":" ","2793":" ","2794":"b","2795":"a","2796":"c","2797":"k","2798":"g","2799":"r","2800":"o","2801":"u","2802":"n","2803":"d","2804":"-","2805":"c","2806":"o","2807":"l","2808":"o","2809":"r","2810":":","2811":" ","2812":"#","2813":"e","2814":"8","2815":"e","2816":"8","2817":"e","2818":"8","2819":";","2820":"\\","2821":"r","2822":"\\","2823":"n","2824":"}","2825":"\\","2826":"r","2827":"\\","2828":"n","2829":"\\","2830":"r","2831":"\\","2832":"n","2833":".","2834":"c","2835":"o","2836":"n","2837":"f","2838":"i","2839":"r","2840":"m","2841":"-","2842":"b","2843":"t","2844":"n","2845":":","2846":"h","2847":"o","2848":"v","2849":"e","2850":"r","2851":" ","2852":"{","2853":"\\","2854":"r","2855":"\\","2856":"n","2857":" ","2858":" ","2859":"b","2860":"a","2861":"c","2862":"k","2863":"g","2864":"r","2865":"o","2866":"u","2867":"n","2868":"d","2869":"-","2870":"c","2871":"o","2872":"l","2873":"o","2874":"r","2875":":","2876":" ","2877":"#","2878":"c","2879":"8","2880":"2","2881":"3","2882":"3","2883":"3","2884":";","2885":"\\","2886":"r","2887":"\\","2888":"n","2889":"}","2890":"\\","2891":"r","2892":"\\","2893":"n","2894":"\\","2895":"r","2896":"\\","2897":"n","2898":"/","2899":"*","2900":" ","2901":"A","2902":"n","2903":"i","2904":"m","2905":"a","2906":"t","2907":"i","2908":"o","2909":"n","2910":" ","2911":"s","2912":"t","2913":"y","2914":"l","2915":"e","2916":"s","2917":" ","2918":"*","2919":"/","2920":"\\","2921":"r","2922":"\\","2923":"n","2924":".","2925":"f","2926":"a","2927":"d","2928":"e","2929":"-","2930":"e","2931":"n","2932":"t","2933":"e","2934":"r","2935":"-","2936":"a","2937":"c","2938":"t","2939":"i","2940":"v","2941":"e","2942":",","2943":"\\","2944":"r","2945":"\\","2946":"n","2947":".","2948":"f","2949":"a","2950":"d","2951":"e","2952":"-","2953":"l","2954":"e","2955":"a","2956":"v","2957":"e","2958":"-","2959":"a","2960":"c","2961":"t","2962":"i","2963":"v","2964":"e","2965":" ","2966":"{","2967":"\\","2968":"r","2969":"\\","2970":"n","2971":" ","2972":" ","2973":"t","2974":"r","2975":"a","2976":"n","2977":"s","2978":"i","2979":"t","2980":"i","2981":"o","2982":"n","2983":":","2984":" ","2985":"o","2986":"p","2987":"a","2988":"c","2989":"i","2990":"t","2991":"y","2992":" ","2993":"0","2994":".","2995":"3","2996":"s","2997":" ","2998":"e","2999":"a","3000":"s","3001":"e","3002":";","3003":"\\","3004":"r","3005":"\\","3006":"n","3007":"}","3008":"\\","3009":"r","3010":"\\","3011":"n","3012":"\\","3013":"r","3014":"\\","3015":"n","3016":".","3017":"f","3018":"a","3019":"d","3020":"e","3021":"-","3022":"e","3023":"n","3024":"t","3025":"e","3026":"r","3027":"-","3028":"f","3029":"r","3030":"o","3031":"m","3032":",","3033":"\\","3034":"r","3035":"\\","3036":"n","3037":".","3038":"f","3039":"a","3040":"d","3041":"e","3042":"-","3043":"l","3044":"e","3045":"a","3046":"v","3047":"e","3048":"-","3049":"t","3050":"o","3051":" ","3052":"{","3053":"\\","3054":"r","3055":"\\","3056":"n","3057":" ","3058":" ","3059":"o","3060":"p","3061":"a","3062":"c","3063":"i","3064":"t","3065":"y","3066":":","3067":" ","3068":"0","3069":";","3070":"\\","3071":"r","3072":"\\","3073":"n","3074":"}","3075":"\\","3076":"r","3077":"\\","3078":"n","3079":"\\","3080":"r","3081":"\\","3082":"n","3083":".","3084":"f","3085":"a","3086":"d","3087":"e","3088":"-","3089":"e","3090":"n","3091":"t","3092":"e","3093":"r","3094":"-","3095":"a","3096":"c","3097":"t","3098":"i","3099":"v","3100":"e","3101":" ","3102":".","3103":"c","3104":"o","3105":"n","3106":"f","3107":"i","3108":"r","3109":"m","3110":"a","3111":"t","3112":"i","3113":"o","3114":"n","3115":"-","3116":"d","3117":"i","3118":"a","3119":"l","3120":"o","3121":"g","3122":",","3123":"\\","3124":"r","3125":"\\","3126":"n","3127":".","3128":"f","3129":"a","3130":"d","3131":"e","3132":"-","3133":"l","3134":"e","3135":"a","3136":"v","3137":"e","3138":"-","3139":"a","3140":"c","3141":"t","3142":"i","3143":"v","3144":"e","3145":" ","3146":".","3147":"c","3148":"o","3149":"n","3150":"f","3151":"i","3152":"r","3153":"m","3154":"a","3155":"t","3156":"i","3157":"o","3158":"n","3159":"-","3160":"d","3161":"i","3162":"a","3163":"l","3164":"o","3165":"g","3166":" ","3167":"{","3168":"\\","3169":"r","3170":"\\","3171":"n","3172":" ","3173":" ","3174":"t","3175":"r","3176":"a","3177":"n","3178":"s","3179":"i","3180":"t","3181":"i","3182":"o","3183":"n","3184":":","3185":" ","3186":"t","3187":"r","3188":"a","3189":"n","3190":"s","3191":"f","3192":"o","3193":"r","3194":"m","3195":" ","3196":"0","3197":".","3198":"3","3199":"s","3200":" ","3201":"e","3202":"a","3203":"s","3204":"e","3205":",","3206":" ","3207":"o","3208":"p","3209":"a","3210":"c","3211":"i","3212":"t","3213":"y","3214":" ","3215":"0","3216":".","3217":"3","3218":"s","3219":" ","3220":"e","3221":"a","3222":"s","3223":"e","3224":";","3225":"\\","3226":"r","3227":"\\","3228":"n","3229":"}","3230":"\\","3231":"r","3232":"\\","3233":"n","3234":"\\","3235":"r","3236":"\\","3237":"n","3238":".","3239":"f","3240":"a","3241":"d","3242":"e","3243":"-","3244":"e","3245":"n","3246":"t","3247":"e","3248":"r","3249":"-","3250":"f","3251":"r","3252":"o","3253":"m","3254":" ","3255":".","3256":"c","3257":"o","3258":"n","3259":"f","3260":"i","3261":"r","3262":"m","3263":"a","3264":"t","3265":"i","3266":"o","3267":"n","3268":"-","3269":"d","3270":"i","3271":"a","3272":"l","3273":"o","3274":"g","3275":",","3276":"\\","3277":"r","3278":"\\","3279":"n","3280":".","3281":"f","3282":"a","3283":"d","3284":"e","3285":"-","3286":"l","3287":"e","3288":"a","3289":"v","3290":"e","3291":"-","3292":"t","3293":"o","3294":" ","3295":".","3296":"c","3297":"o","3298":"n","3299":"f","3300":"i","3301":"r","3302":"m","3303":"a","3304":"t","3305":"i","3306":"o","3307":"n","3308":"-","3309":"d","3310":"i","3311":"a","3312":"l","3313":"o","3314":"g","3315":" ","3316":"{","3317":"\\","3318":"r","3319":"\\","3320":"n","3321":" ","3322":" ","3323":"t","3324":"r","3325":"a","3326":"n","3327":"s","3328":"f","3329":"o","3330":"r","3331":"m","3332":":","3333":" ","3334":"s","3335":"c","3336":"a","3337":"l","3338":"e","3339":"(","3340":"0","3341":".","3342":"9","3343":")","3344":";","3345":"\\","3346":"r","3347":"\\","3348":"n","3349":" ","3350":" ","3351":"o","3352":"p","3353":"a","3354":"c","3355":"i","3356":"t","3357":"y","3358":":","3359":" ","3360":"0","3361":";","3362":"\\","3363":"r","3364":"\\","3365":"n","3366":"}","3367":"\\","3368":"r","3369":"\\","3370":"n","3371":"<","3372":"/","3373":"s","3374":"t","3375":"y","3376":"l","3377":"e","3378":">","3379":"\"","3380":"]","3381":"}"},"_coverageSchema":"1a1c01bbd47fc00a2c39e90264f33305004495a9","hash":"f5352caa4f6c3c902e0401252f144a56129d4edb"}
,"C:\\Setups\\postit\\src\\components\\DeleteConfirmation.vue": {"path":"C:\\Setups\\postit\\src\\components\\DeleteConfirmation.vue","statementMap":{"0":{"start":{"line":3,"column":0},"end":{"line":5,"column":3}},"1":{"start":{"line":6,"column":0},"end":{"line":6,"column":24}},"2":{"start":{"line":7,"column":11},"end":{"line":7,"column":25}},"3":{"start":{"line":8,"column":19},"end":{"line":12,"column":1}},"4":{"start":{"line":14,"column":2},"end":{"line":14,"column":2045}},"5":{"start":{"line":15,"column":2},"end":{"line":15,"column":49}}},"fnMap":{"0":{"name":"render","decl":{"start":{"line":13,"column":9},"end":{"line":13,"column":15}},"loc":{"start":{"line":13,"column":30},"end":{"line":15,"column":1}},"line":13}},"branchMap":{"0":{"loc":{"start":{"line":14,"column":85},"end":{"line":14,"column":2041}},"type":"binary-expr","locations":[{"start":{"line":14,"column":85},"end":{"line":14,"column":94}},{"start":{"line":14,"column":99},"end":{"line":14,"column":2040}}],"line":14}},"s":{"0":0,"1":0,"2":0,"3":0,"4":0,"5":0},"f":{"0":0},"b":{"0":[0,0]},"inputSourceMap":{"0":"{","1":"\"","2":"v","3":"e","4":"r","5":"s","6":"i","7":"o","8":"n","9":"\"","10":":","11":"3","12":",","13":"\"","14":"s","15":"o","16":"u","17":"r","18":"c","19":"e","20":"s","21":"\"","22":":","23":"[","24":"]","25":",","26":"\"","27":"n","28":"a","29":"m","30":"e","31":"s","32":"\"","33":":","34":"[","35":"]","36":",","37":"\"","38":"m","39":"a","40":"p","41":"p","42":"i","43":"n","44":"g","45":"s","46":"\"","47":":","48":"\"","49":"\"","50":",","51":"\"","52":"f","53":"i","54":"l","55":"e","56":"\"","57":":","58":"\"","59":"C","60":":","61":"\\","62":"\\","63":"S","64":"e","65":"t","66":"u","67":"p","68":"s","69":"\\","70":"\\","71":"p","72":"o","73":"s","74":"t","75":"i","76":"t","77":"\\","78":"\\","79":"s","80":"r","81":"c","82":"\\","83":"\\","84":"c","85":"o","86":"m","87":"p","88":"o","89":"n","90":"e","91":"n","92":"t","93":"s","94":"\\","95":"\\","96":"D","97":"e","98":"l","99":"e","100":"t","101":"e","102":"C","103":"o","104":"n","105":"f","106":"i","107":"r","108":"m","109":"a","110":"t","111":"i","112":"o","113":"n","114":".","115":"v","116":"u","117":"e","118":"\"","119":"}"}}
,"C:\\Setups\\postit\\src\\components\\HeaderBar.vue": {"path":"C:\\Setups\\postit\\src\\components\\HeaderBar.vue","statementMap":{"0":{"start":{"line":4,"column":0},"end":{"line":6,"column":3}},"1":{"start":{"line":7,"column":0},"end":{"line":7,"column":25}},"2":{"start":{"line":8,"column":15},"end":{"line":31,"column":1}},"3":{"start":{"line":11,"column":4},"end":{"line":14,"column":6}},"4":{"start":{"line":18,"column":6},"end":{"line":18,"column":45}},"5":{"start":{"line":21,"column":6},"end":{"line":21,"column":28}},"6":{"start":{"line":22,"column":6},"end":{"line":22,"column":31}},"7":{"start":{"line":25,"column":6},"end":{"line":25,"column":41}},"8":{"start":{"line":26,"column":6},"end":{"line":28,"column":7}},"9":{"start":{"line":27,"column":8},"end":{"line":27,"column":27}},"10":{"start":{"line":32,"column":0},"end":{"line":32,"column":13}},"11":{"start":{"line":34,"column":0},"end":{"line":36,"column":3}},"12":{"start":{"line":37,"column":0},"end":{"line":37,"column":24}},"13":{"start":{"line":38,"column":11},"end":{"line":38,"column":25}},"14":{"start":{"line":39,"column":19},"end":{"line":41,"column":1}},"15":{"start":{"line":42,"column":19},"end":{"line":45,"column":1}},"16":{"start":{"line":46,"column":19},"end":{"line":48,"column":1}},"17":{"start":{"line":50,"column":2},"end":{"line":94,"column":25}},"18":{"start":{"line":59,"column":63},"end":{"line":59,"column":88}},"19":{"start":{"line":61,"column":52},"end":{"line":61,"column":87}},"20":{"start":{"line":66,"column":52},"end":{"line":66,"column":97}},"21":{"start":{"line":69,"column":52},"end":{"line":69,"column":99}},"22":{"start":{"line":90,"column":49},"end":{"line":90,"column":69}},"23":{"start":{"line":93,"column":49},"end":{"line":93,"column":72}},"24":{"start":{"line":95,"column":2},"end":{"line":95,"column":49}}},"fnMap":{"0":{"name":"(anonymous_0)","decl":{"start":{"line":10,"column":2},"end":{"line":10,"column":3}},"loc":{"start":{"line":10,"column":9},"end":{"line":15,"column":3}},"line":10},"1":{"name":"(anonymous_1)","decl":{"start":{"line":17,"column":4},"end":{"line":17,"column":5}},"loc":{"start":{"line":17,"column":13},"end":{"line":19,"column":5}},"line":17},"2":{"name":"(anonymous_2)","decl":{"start":{"line":20,"column":4},"end":{"line":20,"column":5}},"loc":{"start":{"line":20,"column":18},"end":{"line":23,"column":5}},"line":20},"3":{"name":"(anonymous_3)","decl":{"start":{"line":24,"column":4},"end":{"line":24,"column":5}},"loc":{"start":{"line":24,"column":19},"end":{"line":29,"column":5}},"line":24},"4":{"name":"render","decl":{"start":{"line":49,"column":9},"end":{"line":49,"column":15}},"loc":{"start":{"line":49,"column":30},"end":{"line":95,"column":1}},"line":49},"5":{"name":"(anonymous_5)","decl":{"start":{"line":59,"column":53},"end":{"line":59,"column":54}},"loc":{"start":{"line":59,"column":63},"end":{"line":59,"column":88}},"line":59},"6":{"name":"(anonymous_6)","decl":{"start":{"line":61,"column":39},"end":{"line":61,"column":40}},"loc":{"start":{"line":61,"column":52},"end":{"line":61,"column":87}},"line":61},"7":{"name":"(anonymous_7)","decl":{"start":{"line":66,"column":39},"end":{"line":66,"column":40}},"loc":{"start":{"line":66,"column":52},"end":{"line":66,"column":97}},"line":66},"8":{"name":"(anonymous_8)","decl":{"start":{"line":69,"column":39},"end":{"line":69,"column":40}},"loc":{"start":{"line":69,"column":52},"end":{"line":69,"column":99}},"line":69},"9":{"name":"(anonymous_9)","decl":{"start":{"line":90,"column":39},"end":{"line":90,"column":40}},"loc":{"start":{"line":90,"column":49},"end":{"line":90,"column":69}},"line":90},"10":{"name":"(anonymous_10)","decl":{"start":{"line":93,"column":39},"end":{"line":93,"column":40}},"loc":{"start":{"line":93,"column":49},"end":{"line":93,"column":72}},"line":93}},"branchMap":{"0":{"loc":{"start":{"line":26,"column":6},"end":{"line":28,"column":7}},"type":"if","locations":[{"start":{"line":26,"column":6},"end":{"line":28,"column":7}},{"start":{},"end":{}}],"line":26},"1":{"loc":{"start":{"line":50,"column":84},"end":{"line":57,"column":35}},"type":"binary-expr","locations":[{"start":{"line":50,"column":84},"end":{"line":50,"column":93}},{"start":{"line":50,"column":98},"end":{"line":57,"column":34}}],"line":50},"2":{"loc":{"start":{"line":57,"column":37},"end":{"line":67,"column":103}},"type":"cond-expr","locations":[{"start":{"line":57,"column":56},"end":{"line":67,"column":57}},{"start":{"line":67,"column":61},"end":{"line":67,"column":103}}],"line":57},"3":{"loc":{"start":{"line":59,"column":27},"end":{"line":59,"column":89}},"type":"binary-expr","locations":[{"start":{"line":59,"column":27},"end":{"line":59,"column":36}},{"start":{"line":59,"column":41},"end":{"line":59,"column":88}}],"line":59},"4":{"loc":{"start":{"line":61,"column":13},"end":{"line":61,"column":88}},"type":"binary-expr","locations":[{"start":{"line":61,"column":13},"end":{"line":61,"column":22}},{"start":{"line":61,"column":27},"end":{"line":61,"column":87}}],"line":61},"5":{"loc":{"start":{"line":61,"column":52},"end":{"line":61,"column":87}},"type":"binary-expr","locations":[{"start":{"line":61,"column":52},"end":{"line":61,"column":63}},{"start":{"line":61,"column":67},"end":{"line":61,"column":87}}],"line":61},"6":{"loc":{"start":{"line":63,"column":90},"end":{"line":67,"column":55}},"type":"cond-expr","locations":[{"start":{"line":63,"column":110},"end":{"line":67,"column":9}},{"start":{"line":67,"column":13},"end":{"line":67,"column":55}}],"line":63},"7":{"loc":{"start":{"line":66,"column":13},"end":{"line":66,"column":98}},"type":"binary-expr","locations":[{"start":{"line":66,"column":13},"end":{"line":66,"column":22}},{"start":{"line":66,"column":27},"end":{"line":66,"column":97}}],"line":66},"8":{"loc":{"start":{"line":66,"column":52},"end":{"line":66,"column":97}},"type":"binary-expr","locations":[{"start":{"line":66,"column":52},"end":{"line":66,"column":68}},{"start":{"line":66,"column":72},"end":{"line":66,"column":97}}],"line":66},"9":{"loc":{"start":{"line":69,"column":13},"end":{"line":69,"column":100}},"type":"binary-expr","locations":[{"start":{"line":69,"column":13},"end":{"line":69,"column":22}},{"start":{"line":69,"column":27},"end":{"line":69,"column":99}}],"line":69},"10":{"loc":{"start":{"line":69,"column":52},"end":{"line":69,"column":99}},"type":"binary-expr","locations":[{"start":{"line":69,"column":52},"end":{"line":69,"column":69}},{"start":{"line":69,"column":73},"end":{"line":69,"column":99}}],"line":69},"11":{"loc":{"start":{"line":70,"column":10},"end":{"line":88,"column":25}},"type":"binary-expr","locations":[{"start":{"line":70,"column":10},"end":{"line":70,"column":19}},{"start":{"line":70,"column":24},"end":{"line":88,"column":24}}],"line":70},"12":{"loc":{"start":{"line":90,"column":13},"end":{"line":90,"column":70}},"type":"binary-expr","locations":[{"start":{"line":90,"column":13},"end":{"line":90,"column":22}},{"start":{"line":90,"column":27},"end":{"line":90,"column":69}}],"line":90},"13":{"loc":{"start":{"line":93,"column":13},"end":{"line":93,"column":73}},"type":"binary-expr","locations":[{"start":{"line":93,"column":13},"end":{"line":93,"column":22}},{"start":{"line":93,"column":27},"end":{"line":93,"column":72}}],"line":93}},"s":{"0":2,"1":2,"2":2,"3":8,"4":0,"5":0,"6":0,"7":0,"8":0,"9":0,"10":2,"11":2,"12":2,"13":2,"14":2,"15":2,"16":2,"17":8,"18":0,"19":0,"20":0,"21":0,"22":3,"23":1,"24":2},"f":{"0":8,"1":0,"2":0,"3":0,"4":8,"5":0,"6":0,"7":0,"8":0,"9":3,"10":1},"b":{"0":[0,0],"1":[8,8],"2":[0,8],"3":[0,0],"4":[0,0],"5":[0,0],"6":[0,0],"7":[0,0],"8":[0,0],"9":[8,8],"10":[0,0],"11":[8,8],"12":[8,8],"13":[8,8]},"inputSourceMap":{"0":"{","1":"\"","2":"v","3":"e","4":"r","5":"s","6":"i","7":"o","8":"n","9":"\"","10":":","11":"3","12":",","13":"\"","14":"s","15":"o","16":"u","17":"r","18":"c","19":"e","20":"s","21":"\"","22":":","23":"[","24":"\"","25":"C","26":":","27":"\\","28":"\\","29":"S","30":"e","31":"t","32":"u","33":"p","34":"s","35":"\\","36":"\\","37":"p","38":"o","39":"s","40":"t","41":"i","42":"t","43":"\\","44":"\\","45":"s","46":"r","47":"c","48":"\\","49":"\\","50":"c","51":"o","52":"m","53":"p","54":"o","55":"n","56":"e","57":"n","58":"t","59":"s","60":"\\","61":"\\","62":"H","63":"e","64":"a","65":"d","66":"e","67":"r","68":"B","69":"a","70":"r","71":".","72":"v","73":"u","74":"e","75":"\"","76":"]","77":",","78":"\"","79":"n","80":"a","81":"m","82":"e","83":"s","84":"\"","85":":","86":"[","87":"]","88":",","89":"\"","90":"m","91":"a","92":"p","93":"p","94":"i","95":"n","96":"g","97":"s","98":"\"","99":":","100":"\"","101":";","102":";","103":";","104":";","105":";","106":";","107":";","108":"i","109":"C","110":"A","111":"m","112":"C","113":"e","114":";","115":"E","116":"A","117":"C","118":"b","119":",","120":"I","121":"A","122":"A","123":"I","124":",","125":"E","126":"A","127":"A","128":"E","129":",","130":"W","131":"A","132":"A","133":"W","134":";","135":"E","136":"A","137":"C","138":"j","139":"B","140":",","141":"I","142":"A","143":"A","144":"I","145":",","146":"G","147":"A","148":"A","149":"G","150":";","151":"I","152":"A","153":"C","154":"L","155":",","156":"O","157":"A","158":"A","159":"O","160":";","161":"M","162":"A","163":"C","164":"L","165":",","166":"W","167":"A","168":"A","169":"W","170":",","171":"E","172":"A","173":"A","174":"E","175":",","176":"E","177":"A","178":"A","179":"E","180":";","181":"M","182":"A","183":"C","184":"f","185":",","186":"U","187":"A","188":"A","189":"U","190":",","191":"E","192":"A","193":"A","194":"E","195":";","196":"I","197":"A","198":"C","199":"d","200":",","201":"C","202":"A","203":"A","204":"C","205":";","206":"E","207":"A","208":"C","209":"H","210":",","211":"C","212":"A","213":"A","214":"C","215":";","216":"E","217":"A","218":"C","219":"D","220":",","221":"O","222":"A","223":"A","224":"O","225":",","226":"E","227":"A","228":"A","229":"E","230":";","231":"I","232":"A","233":"C","234":"P","235":",","236":"M","237":"A","238":"A","239":"M","240":",","241":"G","242":"A","243":"A","244":"G","245":";","246":"M","247":"A","248":"C","249":"P","250":",","251":"I","252":"A","253":"A","254":"I","255":",","256":"C","257":"A","258":"A","259":"C","260":",","261":"K","262":"A","263":"A","264":"K","265":",","266":"C","267":"A","268":"A","269":"C","270":",","271":"Q","272":"A","273":"A","274":"Q","275":",","276":"E","277":"A","278":"A","279":"E","280":",","281":"I","282":"A","283":"A","284":"I","285":",","286":"C","287":"A","288":"A","289":"C","290":",","291":"W","292":"A","293":"A","294":"W","295":",","296":"C","297":"A","298":"A","299":"C","300":";","301":"I","302":"A","303":"C","304":"x","305":"C","306":",","307":"C","308":"A","309":"A","310":"C","311":";","312":"I","313":"A","314":"C","315":"D","316":",","317":"W","318":"A","319":"A","320":"W","321":",","322":"G","323":"A","324":"A","325":"G","326":";","327":"M","328":"A","329":"C","330":"Z","331":",","332":"I","333":"A","334":"A","335":"I","336":",","337":"C","338":"A","339":"A","340":"C","341":",","342":"W","343":"A","344":"A","345":"W","346":",","347":"G","348":"A","349":"A","350":"G","351":",","352":"E","353":"A","354":"A","355":"E","356":";","357":"M","358":"A","359":"C","360":"r","361":"B","362":",","363":"I","364":"A","365":"A","366":"I","367":",","368":"C","369":"A","370":"A","371":"C","372":",","373":"K","374":"A","375":"A","376":"K","377":",","378":"C","379":"A","380":"A","381":"C","382":",","383":"Q","384":"A","385":"A","386":"Q","387":",","388":"E","389":"A","390":"A","391":"E","392":",","393":"E","394":"A","395":"A","396":"E","397":",","398":"C","399":"A","400":"A","401":"C","402":";","403":"I","404":"A","405":"C","406":"1","407":"B","408":",","409":"C","410":"A","411":"A","412":"C","413":";","414":"I","415":"A","416":"C","417":"D","418":",","419":"Y","420":"A","421":"A","422":"Y","423":",","424":"G","425":"A","426":"A","427":"G","428":";","429":"M","430":"A","431":"C","432":"b","433":",","434":"I","435":"A","436":"A","437":"I","438":",","439":"C","440":"A","441":"A","442":"C","443":",","444":"U","445":"A","446":"A","447":"U","448":",","449":"G","450":"A","451":"A","452":"G","453":",","454":"C","455":"A","456":"A","457":"C","458":",","459":"I","460":"A","461":"A","462":"I","463":",","464":"C","465":"A","466":"A","467":"C","468":",","469":"U","470":"A","471":"A","472":"U","473":";","474":"M","475":"A","476":"C","477":"l","478":"C","479":",","480":"I","481":"A","482":"A","483":"I","484":",","485":"C","486":"A","487":"A","488":"C","489":",","490":"I","491":"A","492":"A","493":"I","494":",","495":"C","496":"A","497":"A","498":"C","499":",","500":"U","501":"A","502":"A","503":"U","504":",","505":"E","506":"A","507":"A","508":"E","509":";","510":"Q","511":"A","512":"C","513":"p","514":"B","515":",","516":"I","517":"A","518":"A","519":"I","520":",","521":"C","522":"A","523":"A","524":"C","525":",","526":"W","527":"A","528":"A","529":"W","530":",","531":"C","532":"A","533":"A","534":"C","535":",","536":"C","537":"A","538":"A","539":"C","540":";","541":"M","542":"A","543":"C","544":"p","545":"B","546":";","547":"I","548":"A","549":"C","550":"F","551":";","552":"E","553":"A","554":"C","555":"F","556":";","557":"A","558":"A","559":"C","560":"F","561":",","562":"C","563":"A","564":"A","565":"C","566":"\"","567":",","568":"\"","569":"f","570":"i","571":"l","572":"e","573":"\"","574":":","575":"\"","576":"C","577":":","578":"\\","579":"\\","580":"S","581":"e","582":"t","583":"u","584":"p","585":"s","586":"\\","587":"\\","588":"p","589":"o","590":"s","591":"t","592":"i","593":"t","594":"\\","595":"\\","596":"s","597":"r","598":"c","599":"\\","600":"\\","601":"c","602":"o","603":"m","604":"p","605":"o","606":"n","607":"e","608":"n","609":"t","610":"s","611":"\\","612":"\\","613":"H","614":"e","615":"a","616":"d","617":"e","618":"r","619":"B","620":"a","621":"r","622":".","623":"v","624":"u","625":"e","626":"\"","627":",","628":"\"","629":"s","630":"o","631":"u","632":"r","633":"c","634":"e","635":"s","636":"C","637":"o","638":"n","639":"t","640":"e","641":"n","642":"t","643":"\"","644":":","645":"[","646":"\"","647":"<","648":"t","649":"e","650":"m","651":"p","652":"l","653":"a","654":"t","655":"e","656":">","657":"\\","658":"r","659":"\\","660":"n","661":" ","662":" ","663":"<","664":"h","665":"e","666":"a","667":"d","668":"e","669":"r","670":" ","671":"c","672":"l","673":"a","674":"s","675":"s","676":"=","677":"\\","678":"\"","679":"h","680":"e","681":"a","682":"d","683":"e","684":"r","685":"-","686":"b","687":"a","688":"r","689":"\\","690":"\"","691":">","692":"\\","693":"r","694":"\\","695":"n","696":" ","697":" ","698":" ","699":" ","700":"<","701":"d","702":"i","703":"v","704":" ","705":"c","706":"l","707":"a","708":"s","709":"s","710":"=","711":"\\","712":"\"","713":"l","714":"o","715":"g","716":"o","717":"\\","718":"\"","719":">","720":"\\","721":"r","722":"\\","723":"n","724":" ","725":" ","726":" ","727":" ","728":" ","729":" ","730":"<","731":"i","732":"m","733":"g","734":"\\","735":"r","736":"\\","737":"n","738":" ","739":" ","740":" ","741":" ","742":" ","743":" ","744":" ","745":" ","746":"s","747":"r","748":"c","749":"=","750":"\\","751":"\"","752":"h","753":"t","754":"t","755":"p","756":"s","757":":","758":"/","759":"/","760":"c","761":"d","762":"n","763":".","764":"p","765":"i","766":"x","767":"a","768":"b","769":"a","770":"y","771":".","772":"c","773":"o","774":"m","775":"/","776":"p","777":"h","778":"o","779":"t","780":"o","781":"/","782":"2","783":"0","784":"1","785":"6","786":"/","787":"0","788":"3","789":"/","790":"3","791":"1","792":"/","793":"1","794":"9","795":"/","796":"5","797":"6","798":"/","799":"s","800":"t","801":"i","802":"c","803":"k","804":"y","805":"-","806":"n","807":"o","808":"t","809":"e","810":"-","811":"1","812":"2","813":"9","814":"2","815":"8","816":"1","817":"7","818":"_","819":"1","820":"2","821":"8","822":"0","823":".","824":"p","825":"n","826":"g","827":"\\","828":"\"","829":"\\","830":"r","831":"\\","832":"n","833":" ","834":" ","835":" ","836":" ","837":" ","838":" ","839":" ","840":" ","841":"a","842":"l","843":"t","844":"=","845":"\\","846":"\"","847":"P","848":"o","849":"s","850":"t","851":"-","852":"i","853":"t","854":" ","855":"L","856":"o","857":"g","858":"o","859":"\\","860":"\"","861":"\\","862":"r","863":"\\","864":"n","865":" ","866":" ","867":" ","868":" ","869":" ","870":" ","871":"/","872":">","873":"\\","874":"r","875":"\\","876":"n","877":" ","878":" ","879":" ","880":" ","881":" ","882":" ","883":"<","884":"s","885":"p","886":"a","887":"n","888":" ","889":"c","890":"l","891":"a","892":"s","893":"s","894":"=","895":"\\","896":"\"","897":"a","898":"p","899":"p","900":"-","901":"n","902":"a","903":"m","904":"e","905":"\\","906":"\"","907":">","908":"P","909":"o","910":"s","911":"t","912":"-","913":"i","914":"t","915":"<","916":"/","917":"s","918":"p","919":"a","920":"n","921":">","922":"\\","923":"r","924":"\\","925":"n","926":" ","927":" ","928":" ","929":" ","930":"<","931":"/","932":"d","933":"i","934":"v","935":">","936":"\\","937":"r","938":"\\","939":"n","940":" ","941":" ","942":" ","943":" ","944":"\\","945":"r","946":"\\","947":"n","948":" ","949":" ","950":" ","951":" ","952":"<","953":"d","954":"i","955":"v","956":" ","957":"c","958":"l","959":"a","960":"s","961":"s","962":"=","963":"\\","964":"\"","965":"s","966":"e","967":"a","968":"r","969":"c","970":"h","971":"-","972":"b","973":"a","974":"r","975":"\\","976":"\"","977":" ","978":"v","979":"-","980":"i","981":"f","982":"=","983":"\\","984":"\"","985":"s","986":"h","987":"o","988":"w","989":"S","990":"e","991":"a","992":"r","993":"c","994":"h","995":"\\","996":"\"","997":">","998":"\\","999":"r","1000":"\\","1001":"n","1002":" ","1003":" ","1004":" ","1005":" ","1006":" ","1007":" ","1008":"<","1009":"i","1010":"n","1011":"p","1012":"u","1013":"t","1014":" ","1015":"\\","1016":"r","1017":"\\","1018":"n","1019":" ","1020":" ","1021":" ","1022":" ","1023":" ","1024":" ","1025":" ","1026":" ","1027":"t","1028":"y","1029":"p","1030":"e","1031":"=","1032":"\\","1033":"\"","1034":"t","1035":"e","1036":"x","1037":"t","1038":"\\","1039":"\"","1040":" ","1041":"\\","1042":"r","1043":"\\","1044":"n","1045":" ","1046":" ","1047":" ","1048":" ","1049":" ","1050":" ","1051":" ","1052":" ","1053":"v","1054":"-","1055":"m","1056":"o","1057":"d","1058":"e","1059":"l","1060":"=","1061":"\\","1062":"\"","1063":"s","1064":"e","1065":"a","1066":"r","1067":"c","1068":"h","1069":"Q","1070":"u","1071":"e","1072":"r","1073":"y","1074":"\\","1075":"\"","1076":" ","1077":"\\","1078":"r","1079":"\\","1080":"n","1081":" ","1082":" ","1083":" ","1084":" ","1085":" ","1086":" ","1087":" ","1088":" ","1089":"p","1090":"l","1091":"a","1092":"c","1093":"e","1094":"h","1095":"o","1096":"l","1097":"d","1098":"e","1099":"r","1100":"=","1101":"\\","1102":"\"","1103":"R","1104":"e","1105":"c","1106":"h","1107":"e","1108":"r","1109":"c","1110":"h","1111":"e","1112":"r","1113":" ","1114":"u","1115":"n","1116":" ","1117":"p","1118":"o","1119":"s","1120":"t","1121":"-","1122":"i","1123":"t","1124":".","1125":".","1126":".","1127":"\\","1128":"\"","1129":" ","1130":"\\","1131":"r","1132":"\\","1133":"n","1134":" ","1135":" ","1136":" ","1137":" ","1138":" ","1139":" ","1140":" ","1141":" ","1142":"@","1143":"i","1144":"n","1145":"p","1146":"u","1147":"t","1148":"=","1149":"\\","1150":"\"","1151":"s","1152":"e","1153":"a","1154":"r","1155":"c","1156":"h","1157":"\\","1158":"\"","1159":"\\","1160":"r","1161":"\\","1162":"n","1163":" ","1164":" ","1165":" ","1166":" ","1167":" ","1168":" ","1169":" ","1170":" ","1171":"c","1172":"l","1173":"a","1174":"s","1175":"s","1176":"=","1177":"\\","1178":"\"","1179":"s","1180":"e","1181":"a","1182":"r","1183":"c","1184":"h","1185":"-","1186":"i","1187":"n","1188":"p","1189":"u","1190":"t","1191":"\\","1192":"\"","1193":"\\","1194":"r","1195":"\\","1196":"n","1197":" ","1198":" ","1199":" ","1200":" ","1201":" ","1202":" ","1203":"/","1204":">","1205":"\\","1206":"r","1207":"\\","1208":"n","1209":" ","1210":" ","1211":" ","1212":" ","1213":" ","1214":" ","1215":"<","1216":"b","1217":"u","1218":"t","1219":"t","1220":"o","1221":"n","1222":" ","1223":"c","1224":"l","1225":"a","1226":"s","1227":"s","1228":"=","1229":"\\","1230":"\"","1231":"c","1232":"l","1233":"e","1234":"a","1235":"r","1236":"-","1237":"s","1238":"e","1239":"a","1240":"r","1241":"c","1242":"h","1243":"\\","1244":"\"","1245":" ","1246":"@","1247":"c","1248":"l","1249":"i","1250":"c","1251":"k","1252":"=","1253":"\\","1254":"\"","1255":"c","1256":"l","1257":"e","1258":"a","1259":"r","1260":"S","1261":"e","1262":"a","1263":"r","1264":"c","1265":"h","1266":"\\","1267":"\"","1268":" ","1269":"v","1270":"-","1271":"i","1272":"f","1273":"=","1274":"\\","1275":"\"","1276":"s","1277":"e","1278":"a","1279":"r","1280":"c","1281":"h","1282":"Q","1283":"u","1284":"e","1285":"r","1286":"y","1287":"\\","1288":"\"","1289":">","1290":"×","1291":"<","1292":"/","1293":"b","1294":"u","1295":"t","1296":"t","1297":"o","1298":"n","1299":">","1300":"\\","1301":"r","1302":"\\","1303":"n","1304":" ","1305":" ","1306":" ","1307":" ","1308":"<","1309":"/","1310":"d","1311":"i","1312":"v","1313":">","1314":"\\","1315":"r","1316":"\\","1317":"n","1318":" ","1319":" ","1320":" ","1321":" ","1322":"\\","1323":"r","1324":"\\","1325":"n","1326":" ","1327":" ","1328":" ","1329":" ","1330":"<","1331":"d","1332":"i","1333":"v","1334":" ","1335":"c","1336":"l","1337":"a","1338":"s","1339":"s","1340":"=","1341":"\\","1342":"\"","1343":"a","1344":"c","1345":"t","1346":"i","1347":"o","1348":"n","1349":"s","1350":"\\","1351":"\"","1352":">","1353":"\\","1354":"r","1355":"\\","1356":"n","1357":" ","1358":" ","1359":" ","1360":" ","1361":" ","1362":" ","1363":"<","1364":"b","1365":"u","1366":"t","1367":"t","1368":"o","1369":"n","1370":" ","1371":"c","1372":"l","1373":"a","1374":"s","1375":"s","1376":"=","1377":"\\","1378":"\"","1379":"s","1380":"e","1381":"a","1382":"r","1383":"c","1384":"h","1385":"-","1386":"t","1387":"o","1388":"g","1389":"g","1390":"l","1391":"e","1392":"\\","1393":"\"","1394":" ","1395":"@","1396":"c","1397":"l","1398":"i","1399":"c","1400":"k","1401":"=","1402":"\\","1403":"\"","1404":"t","1405":"o","1406":"g","1407":"g","1408":"l","1409":"e","1410":"S","1411":"e","1412":"a","1413":"r","1414":"c","1415":"h","1416":"\\","1417":"\"","1418":">","1419":"\\","1420":"r","1421":"\\","1422":"n","1423":" ","1424":" ","1425":" ","1426":" ","1427":" ","1428":" ","1429":" ","1430":" ","1431":"<","1432":"s","1433":"v","1434":"g","1435":" ","1436":"w","1437":"i","1438":"d","1439":"t","1440":"h","1441":"=","1442":"\\","1443":"\"","1444":"1","1445":"8","1446":"\\","1447":"\"","1448":" ","1449":"h","1450":"e","1451":"i","1452":"g","1453":"h","1454":"t","1455":"=","1456":"\\","1457":"\"","1458":"1","1459":"8","1460":"\\","1461":"\"","1462":" ","1463":"v","1464":"i","1465":"e","1466":"w","1467":"B","1468":"o","1469":"x","1470":"=","1471":"\\","1472":"\"","1473":"0","1474":" ","1475":"0","1476":" ","1477":"2","1478":"4","1479":" ","1480":"2","1481":"4","1482":"\\","1483":"\"","1484":" ","1485":"f","1486":"i","1487":"l","1488":"l","1489":"=","1490":"\\","1491":"\"","1492":"n","1493":"o","1494":"n","1495":"e","1496":"\\","1497":"\"","1498":" ","1499":"s","1500":"t","1501":"r","1502":"o","1503":"k","1504":"e","1505":"=","1506":"\\","1507":"\"","1508":"c","1509":"u","1510":"r","1511":"r","1512":"e","1513":"n","1514":"t","1515":"C","1516":"o","1517":"l","1518":"o","1519":"r","1520":"\\","1521":"\"","1522":" ","1523":"s","1524":"t","1525":"r","1526":"o","1527":"k","1528":"e","1529":"-","1530":"w","1531":"i","1532":"d","1533":"t","1534":"h","1535":"=","1536":"\\","1537":"\"","1538":"2","1539":"\\","1540":"\"","1541":" ","1542":"s","1543":"t","1544":"r","1545":"o","1546":"k","1547":"e","1548":"-","1549":"l","1550":"i","1551":"n","1552":"e","1553":"c","1554":"a","1555":"p","1556":"=","1557":"\\","1558":"\"","1559":"r","1560":"o","1561":"u","1562":"n","1563":"d","1564":"\\","1565":"\"","1566":" ","1567":"s","1568":"t","1569":"r","1570":"o","1571":"k","1572":"e","1573":"-","1574":"l","1575":"i","1576":"n","1577":"e","1578":"j","1579":"o","1580":"i","1581":"n","1582":"=","1583":"\\","1584":"\"","1585":"r","1586":"o","1587":"u","1588":"n","1589":"d","1590":"\\","1591":"\"","1592":">","1593":"\\","1594":"r","1595":"\\","1596":"n","1597":" ","1598":" ","1599":" ","1600":" ","1601":" ","1602":" ","1603":" ","1604":" ","1605":" ","1606":" ","1607":"<","1608":"c","1609":"i","1610":"r","1611":"c","1612":"l","1613":"e","1614":" ","1615":"c","1616":"x","1617":"=","1618":"\\","1619":"\"","1620":"1","1621":"1","1622":"\\","1623":"\"","1624":" ","1625":"c","1626":"y","1627":"=","1628":"\\","1629":"\"","1630":"1","1631":"1","1632":"\\","1633":"\"","1634":" ","1635":"r","1636":"=","1637":"\\","1638":"\"","1639":"8","1640":"\\","1641":"\"","1642":">","1643":"<","1644":"/","1645":"c","1646":"i","1647":"r","1648":"c","1649":"l","1650":"e","1651":">","1652":"\\","1653":"r","1654":"\\","1655":"n","1656":" ","1657":" ","1658":" ","1659":" ","1660":" ","1661":" ","1662":" ","1663":" ","1664":" ","1665":" ","1666":"<","1667":"l","1668":"i","1669":"n","1670":"e","1671":" ","1672":"x","1673":"1","1674":"=","1675":"\\","1676":"\"","1677":"2","1678":"1","1679":"\\","1680":"\"","1681":" ","1682":"y","1683":"1","1684":"=","1685":"\\","1686":"\"","1687":"2","1688":"1","1689":"\\","1690":"\"","1691":" ","1692":"x","1693":"2","1694":"=","1695":"\\","1696":"\"","1697":"1","1698":"6","1699":".","1700":"6","1701":"5","1702":"\\","1703":"\"","1704":" ","1705":"y","1706":"2","1707":"=","1708":"\\","1709":"\"","1710":"1","1711":"6","1712":".","1713":"6","1714":"5","1715":"\\","1716":"\"","1717":">","1718":"<","1719":"/","1720":"l","1721":"i","1722":"n","1723":"e","1724":">","1725":"\\","1726":"r","1727":"\\","1728":"n","1729":" ","1730":" ","1731":" ","1732":" ","1733":" ","1734":" ","1735":" ","1736":" ","1737":"<","1738":"/","1739":"s","1740":"v","1741":"g","1742":">","1743":"\\","1744":"r","1745":"\\","1746":"n","1747":" ","1748":" ","1749":" ","1750":" ","1751":" ","1752":" ","1753":"<","1754":"/","1755":"b","1756":"u","1757":"t","1758":"t","1759":"o","1760":"n","1761":">","1762":"\\","1763":"r","1764":"\\","1765":"n","1766":" ","1767":" ","1768":" ","1769":" ","1770":" ","1771":" ","1772":"<","1773":"b","1774":"u","1775":"t","1776":"t","1777":"o","1778":"n","1779":" ","1780":"c","1781":"l","1782":"a","1783":"s","1784":"s","1785":"=","1786":"\\","1787":"\"","1788":"c","1789":"r","1790":"e","1791":"a","1792":"t","1793":"e","1794":"-","1795":"b","1796":"t","1797":"n","1798":"\\","1799":"\"","1800":" ","1801":"@","1802":"c","1803":"l","1804":"i","1805":"c","1806":"k","1807":"=","1808":"\\","1809":"\"","1810":"$","1811":"e","1812":"m","1813":"i","1814":"t","1815":"(","1816":"'","1817":"c","1818":"r","1819":"e","1820":"a","1821":"t","1822":"e","1823":"'","1824":")","1825":"\\","1826":"\"","1827":">","1828":"N","1829":"e","1830":"w","1831":" ","1832":"P","1833":"o","1834":"s","1835":"t","1836":"-","1837":"i","1838":"t","1839":"\ud83d","1840":"\udd8b","1841":"️","1842":"<","1843":"/","1844":"b","1845":"u","1846":"t","1847":"t","1848":"o","1849":"n","1850":">","1851":"\\","1852":"r","1853":"\\","1854":"n","1855":" ","1856":" ","1857":" ","1858":" ","1859":" ","1860":" ","1861":"<","1862":"b","1863":"u","1864":"t","1865":"t","1866":"o","1867":"n","1868":" ","1869":"c","1870":"l","1871":"a","1872":"s","1873":"s","1874":"=","1875":"\\","1876":"\"","1877":"d","1878":"e","1879":"l","1880":"e","1881":"t","1882":"e","1883":"-","1884":"b","1885":"t","1886":"n","1887":"\\","1888":"\"","1889":" ","1890":"@","1891":"c","1892":"l","1893":"i","1894":"c","1895":"k","1896":"=","1897":"\\","1898":"\"","1899":"$","1900":"e","1901":"m","1902":"i","1903":"t","1904":"(","1905":"'","1906":"d","1907":"e","1908":"l","1909":"e","1910":"t","1911":"e","1912":"A","1913":"l","1914":"l","1915":"'","1916":")","1917":"\\","1918":"\"","1919":">","1920":"D","1921":"e","1922":"l","1923":"e","1924":"t","1925":"e","1926":" ","1927":"A","1928":"l","1929":"l","1930":"\ud83d","1931":"\udeae","1932":"<","1933":"/","1934":"b","1935":"u","1936":"t","1937":"t","1938":"o","1939":"n","1940":">","1941":"\\","1942":"r","1943":"\\","1944":"n","1945":" ","1946":" ","1947":" ","1948":" ","1949":"<","1950":"/","1951":"d","1952":"i","1953":"v","1954":">","1955":"\\","1956":"r","1957":"\\","1958":"n","1959":" ","1960":" ","1961":"<","1962":"/","1963":"h","1964":"e","1965":"a","1966":"d","1967":"e","1968":"r","1969":">","1970":"\\","1971":"r","1972":"\\","1973":"n","1974":"<","1975":"/","1976":"t","1977":"e","1978":"m","1979":"p","1980":"l","1981":"a","1982":"t","1983":"e","1984":">","1985":"\\","1986":"r","1987":"\\","1988":"n","1989":"\\","1990":"r","1991":"\\","1992":"n","1993":"<","1994":"s","1995":"c","1996":"r","1997":"i","1998":"p","1999":"t","2000":">","2001":"\\","2002":"r","2003":"\\","2004":"n","2005":"e","2006":"x","2007":"p","2008":"o","2009":"r","2010":"t","2011":" ","2012":"d","2013":"e","2014":"f","2015":"a","2016":"u","2017":"l","2018":"t","2019":" ","2020":"{","2021":"\\","2022":"r","2023":"\\","2024":"n","2025":" ","2026":" ","2027":"n","2028":"a","2029":"m","2030":"e","2031":":","2032":" ","2033":"\\","2034":"\"","2035":"H","2036":"e","2037":"a","2038":"d","2039":"e","2040":"r","2041":"B","2042":"a","2043":"r","2044":"\\","2045":"\"","2046":",","2047":"\\","2048":"r","2049":"\\","2050":"n","2051":" ","2052":" ","2053":"d","2054":"a","2055":"t","2056":"a","2057":"(","2058":")","2059":" ","2060":"{","2061":"\\","2062":"r","2063":"\\","2064":"n","2065":" ","2066":" ","2067":" ","2068":" ","2069":"r","2070":"e","2071":"t","2072":"u","2073":"r","2074":"n","2075":" ","2076":"{","2077":"\\","2078":"r","2079":"\\","2080":"n","2081":" ","2082":" ","2083":" ","2084":" ","2085":" ","2086":" ","2087":"s","2088":"e","2089":"a","2090":"r","2091":"c","2092":"h","2093":"Q","2094":"u","2095":"e","2096":"r","209
[...]
:"9","2783":",","2784":" ","2785":"0","2786":".","2787":"1","2788":"8","2789":")","2790":";","2791":"\\","2792":"r","2793":"\\","2794":"n","2795":"}","2796":"\\","2797":"r","2798":"\\","2799":"n","2800":"@","2801":"m","2802":"e","2803":"d","2804":"i","2805":"a","2806":" ","2807":"(","2808":"m","2809":"a","2810":"x","2811":"-","2812":"w","2813":"i","2814":"d","2815":"t","2816":"h","2817":":","2818":" ","2819":"9","2820":"0","2821":"0","2822":"p","2823":"x","2824":")","2825":" ","2826":"{","2827":"\\","2828":"r","2829":"\\","2830":"n","2831":" ","2832":" ","2833":".","2834":"h","2835":"e","2836":"r","2837":"o","2838":" ","2839":"{","2840":"\\","2841":"r","2842":"\\","2843":"n","2844":" ","2845":" ","2846":" ","2847":" ","2848":"f","2849":"l","2850":"e","2851":"x","2852":"-","2853":"d","2854":"i","2855":"r","2856":"e","2857":"c","2858":"t","2859":"i","2860":"o","2861":"n","2862":":","2863":" ","2864":"c","2865":"o","2866":"l","2867":"u","2868":"m","2869":"n","2870":";","2871":"\\","2872":"r","2873":"\\","2874":"n","2875":" ","2876":" ","2877":" ","2878":" ","2879":"a","2880":"l","2881":"i","2882":"g","2883":"n","2884":"-","2885":"i","2886":"t","2887":"e","2888":"m","2889":"s","2890":":","2891":" ","2892":"f","2893":"l","2894":"e","2895":"x","2896":"-","2897":"s","2898":"t","2899":"a","2900":"r","2901":"t","2902":";","2903":"\\","2904":"r","2905":"\\","2906":"n","2907":" ","2908":" ","2909":"}","2910":"\\","2911":"r","2912":"\\","2913":"n","2914":" ","2915":" ","2916":".","2917":"h","2918":"e","2919":"r","2920":"o","2921":"-","2922":"i","2923":"m","2924":"g","2925":" ","2926":"i","2927":"m","2928":"g","2929":" ","2930":"{","2931":"\\","2932":"r","2933":"\\","2934":"n","2935":" ","2936":" ","2937":" ","2938":" ","2939":"m","2940":"a","2941":"x","2942":"-","2943":"w","2944":"i","2945":"d","2946":"t","2947":"h","2948":":","2949":" ","2950":"1","2951":"0","2952":"0","2953":"%","2954":";","2955":"\\","2956":"r","2957":"\\","2958":"n","2959":" ","2960":" ","2961":" ","2962":" ","2963":"m","2964":"a","2965":"r","2966":"g","2967":"i","2968":"n","2969":"-","2970":"t","2971":"o","2972":"p","2973":":","2974":" ","2975":"2","2976":"r","2977":"e","2978":"m","2979":";","2980":"\\","2981":"r","2982":"\\","2983":"n","2984":" ","2985":" ","2986":"}","2987":"\\","2988":"r","2989":"\\","2990":"n","2991":"}","2992":"\\","2993":"r","2994":"\\","2995":"n","2996":"<","2997":"/","2998":"s","2999":"t","3000":"y","3001":"l","3002":"e","3003":">","3004":"\\","3005":"r","3006":"\\","3007":"n","3008":"\\","3009":"r","3010":"\\","3011":"n","3012":"<","3013":"s","3014":"c","3015":"r","3016":"i","3017":"p","3018":"t","3019":">","3020":"\\","3021":"r","3022":"\\","3023":"n","3024":"e","3025":"x","3026":"p","3027":"o","3028":"r","3029":"t","3030":" ","3031":"d","3032":"e","3033":"f","3034":"a","3035":"u","3036":"l","3037":"t","3038":" ","3039":"{","3040":"\\","3041":"r","3042":"\\","3043":"n","3044":" ","3045":" ","3046":"n","3047":"a","3048":"m","3049":"e","3050":":","3051":" ","3052":"\\","3053":"\"","3054":"H","3055":"o","3056":"m","3057":"e","3058":"V","3059":"i","3060":"e","3061":"w","3062":"\\","3063":"\"","3064":",","3065":"\\","3066":"r","3067":"\\","3068":"n","3069":" ","3070":" ","3071":"m","3072":"e","3073":"t","3074":"h","3075":"o","3076":"d","3077":"s","3078":":","3079":" ","3080":"{","3081":"\\","3082":"r","3083":"\\","3084":"n","3085":" ","3086":" ","3087":" ","3088":" ","3089":"g","3090":"o","3091":"T","3092":"o","3093":"A","3094":"l","3095":"l","3096":"P","3097":"o","3098":"s","3099":"t","3100":"s","3101":"(","3102":")","3103":" ","3104":"{","3105":"\\","3106":"r","3107":"\\","3108":"n","3109":" ","3110":" ","3111":" ","3112":" ","3113":" ","3114":" ","3115":"t","3116":"h","3117":"i","3118":"s","3119":".","3120":"$","3121":"r","3122":"o","3123":"u","3124":"t","3125":"e","3126":"r","3127":".","3128":"p","3129":"u","3130":"s","3131":"h","3132":"(","3133":"\\","3134":"\"","3135":"/","3136":"a","3137":"l","3138":"l","3139":"\\","3140":"\"","3141":")","3142":";","3143":"\\","3144":"r","3145":"\\","3146":"n","3147":" ","3148":" ","3149":" ","3150":" ","3151":"}","3152":",","3153":"\\","3154":"r","3155":"\\","3156":"n","3157":" ","3158":" ","3159":"}","3160":",","3161":"\\","3162":"r","3163":"\\","3164":"n","3165":" ","3166":" ","3167":"p","3168":"r","3169":"o","3170":"p","3171":"s","3172":":","3173":" ","3174":"{","3175":"\\","3176":"r","3177":"\\","3178":"n","3179":" ","3180":" ","3181":" ","3182":" ","3183":"m","3184":"s","3185":"g","3186":":","3187":" ","3188":"S","3189":"t","3190":"r","3191":"i","3192":"n","3193":"g","3194":",","3195":"\\","3196":"r","3197":"\\","3198":"n","3199":" ","3200":" ","3201":"}","3202":",","3203":"\\","3204":"r","3205":"\\","3206":"n","3207":"}","3208":";","3209":"\\","3210":"r","3211":"\\","3212":"n","3213":"<","3214":"/","3215":"s","3216":"c","3217":"r","3218":"i","3219":"p","3220":"t","3221":">","3222":"\\","3223":"r","3224":"\\","3225":"n","3226":"\\","3227":"r","3228":"\\","3229":"n","3230":"<","3231":"!","3232":"-","3233":"-","3234":" ","3235":"A","3236":"d","3237":"d","3238":" ","3239":"\\","3240":"\"","3241":"s","3242":"c","3243":"o","3244":"p","3245":"e","3246":"d","3247":"\\","3248":"\"","3249":" ","3250":"a","3251":"t","3252":"t","3253":"r","3254":"i","3255":"b","3256":"u","3257":"t","3258":"e","3259":" ","3260":"t","3261":"o","3262":" ","3263":"l","3264":"i","3265":"m","3266":"i","3267":"t","3268":" ","3269":"C","3270":"S","3271":"S","3272":" ","3273":"t","3274":"o","3275":" ","3276":"t","3277":"h","3278":"i","3279":"s","3280":" ","3281":"c","3282":"o","3283":"m","3284":"p","3285":"o","3286":"n","3287":"e","3288":"n","3289":"t","3290":" ","3291":"o","3292":"n","3293":"l","3294":"y","3295":" ","3296":"-","3297":"-","3298":">","3299":"\\","3300":"r","3301":"\\","3302":"n","3303":"<","3304":"s","3305":"t","3306":"y","3307":"l","3308":"e","3309":" ","3310":"s","3311":"c","3312":"o","3313":"p","3314":"e","3315":"d","3316":">","3317":"\\","3318":"r","3319":"\\","3320":"n","3321":"h","3322":"3","3323":" ","3324":"{","3325":"\\","3326":"r","3327":"\\","3328":"n","3329":" ","3330":" ","3331":"m","3332":"a","3333":"r","3334":"g","3335":"i","3336":"n","3337":":","3338":" ","3339":"4","3340":"0","3341":"p","3342":"x","3343":" ","3344":"0","3345":" ","3346":"0","3347":";","3348":"\\","3349":"r","3350":"\\","3351":"n","3352":"}","3353":"\\","3354":"r","3355":"\\","3356":"n","3357":"u","3358":"l","3359":" ","3360":"{","3361":"\\","3362":"r","3363":"\\","3364":"n","3365":" ","3366":" ","3367":"l","3368":"i","3369":"s","3370":"t","3371":"-","3372":"s","3373":"t","3374":"y","3375":"l","3376":"e","3377":"-","3378":"t","3379":"y","3380":"p","3381":"e","3382":":","3383":" ","3384":"n","3385":"o","3386":"n","3387":"e","3388":";","3389":"\\","3390":"r","3391":"\\","3392":"n","3393":" ","3394":" ","3395":"p","3396":"a","3397":"d","3398":"d","3399":"i","3400":"n","3401":"g","3402":":","3403":" ","3404":"0","3405":";","3406":"\\","3407":"r","3408":"\\","3409":"n","3410":"}","3411":"\\","3412":"r","3413":"\\","3414":"n","3415":"l","3416":"i","3417":" ","3418":"{","3419":"\\","3420":"r","3421":"\\","3422":"n","3423":" ","3424":" ","3425":"d","3426":"i","3427":"s","3428":"p","3429":"l","3430":"a","3431":"y","3432":":","3433":" ","3434":"i","3435":"n","3436":"l","3437":"i","3438":"n","3439":"e","3440":"-","3441":"b","3442":"l","3443":"o","3444":"c","3445":"k","3446":";","3447":"\\","3448":"r","3449":"\\","3450":"n","3451":" ","3452":" ","3453":"m","3454":"a","3455":"r","3456":"g","3457":"i","3458":"n","3459":":","3460":" ","3461":"0","3462":" ","3463":"1","3464":"0","3465":"p","3466":"x","3467":";","3468":"\\","3469":"r","3470":"\\","3471":"n","3472":"}","3473":"\\","3474":"r","3475":"\\","3476":"n","3477":"a","3478":" ","3479":"{","3480":"\\","3481":"r","3482":"\\","3483":"n","3484":" ","3485":" ","3486":"c","3487":"o","3488":"l","3489":"o","3490":"r","3491":":","3492":" ","3493":"#","3494":"4","3495":"2","3496":"b","3497":"9","3498":"8","3499":"3","3500":";","3501":"\\","3502":"r","3503":"\\","3504":"n","3505":"}","3506":"\\","3507":"r","3508":"\\","3509":"n","3510":"<","3511":"/","3512":"s","3513":"t","3514":"y","3515":"l","3516":"e","3517":">","3518":"\\","3519":"r","3520":"\\","3521":"n","3522":"\"","3523":"]","3524":"}"}}
,"C:\\Setups\\postit\\src\\views\\Note.vue": {"path":"C:\\Setups\\postit\\src\\views\\Note.vue","statementMap":{"0":{"start":{"line":4,"column":29},"end":{"line":4,"column":125}},"1":{"start":{"line":5,"column":0},"end":{"line":7,"column":3}},"2":{"start":{"line":8,"column":0},"end":{"line":8,"column":25}},"3":{"start":{"line":23,"column":0},"end":{"line":23,"column":13}},"4":{"start":{"line":25,"column":0},"end":{"line":27,"column":3}},"5":{"start":{"line":28,"column":0},"end":{"line":28,"column":24}},"6":{"start":{"line":29,"column":11},"end":{"line":29,"column":25}},"7":{"start":{"line":31,"column":26},"end":{"line":31,"column":66}},"8":{"start":{"line":32,"column":2},"end":{"line":32,"column":71}},"9":{"start":{"line":33,"column":2},"end":{"line":33,"column":49}}},"fnMap":{"0":{"name":"render","decl":{"start":{"line":30,"column":9},"end":{"line":30,"column":15}},"loc":{"start":{"line":30,"column":30},"end":{"line":33,"column":1}},"line":30}},"branchMap":{},"s":{"0":0,"1":0,"2":0,"3":0,"4":0,"5":0,"6":0,"7":0,"8":0,"9":0},"f":{"0":0},"b":{},"inputSourceMap":{"0":"{","1":"\"","2":"v","3":"e","4":"r","5":"s","6":"i","7":"o","8":"n","9":"\"","10":":","11":"3","12":",","13":"\"","14":"s","15":"o","16":"u","17":"r","18":"c","19":"e","20":"s","21":"\"","22":":","23":"[","24":"\"","25":"C","26":":","27":"\\","28":"\\","29":"S","30":"e","31":"t","32":"u","33":"p","34":"s","35":"\\","36":"\\","37":"p","38":"o","39":"s","40":"t","41":"i","42":"t","43":"\\","44":"\\","45":"s","46":"r","47":"c","48":"\\","49":"\\","50":"v","51":"i","52":"e","53":"w","54":"s","55":"\\","56":"\\","57":"N","58":"o","59":"t","60":"e","61":".","62":"v","63":"u","64":"e","65":"\"","66":"]","67":",","68":"\"","69":"n","70":"a","71":"m","72":"e","73":"s","74":"\"","75":":","76":"[","77":"]","78":",","79":"\"","80":"m","81":"a","82":"p","83":"p","84":"i","85":"n","86":"g","87":"s","88":"\"","89":":","90":"\"","91":";","92":";","93":";","94":";","95":";","96":";","97":";","98":";","99":"A","100":"A","101":"K","102":"A","103":";","104":"A","105":"A","106":"A","107":"A","108":";","109":"A","110":"A","111":"A","112":"A","113":";","114":"A","115":"A","116":"A","117":"i","118":"D","119":";","120":"A","121":"A","122":"A","123":"A","124":",","125":"i","126":"C","127":"A","128":"C","129":"l","130":"C","131":";","132":"E","133":"A","134":"C","135":"b","136":",","137":"I","138":"A","139":"A","140":"I","141":",","142":"E","143":"A","144":"A","145":"E","146":",","147":"U","148":"A","149":"A","150":"U","151":";","152":"E","153":"A","154":"C","155":"h","156":"B","157":",","158":"U","159":"A","160":"A","161":"U","162":",","163":"E","164":"A","165":"A","166":"E","167":";","168":"I","169":"A","170":"A","171":"E","172":",","173":"I","174":"A","175":"A","176":"I","177":";","178":"I","179":"A","180":"A","181":"J","182":";","183":"I","184":"A","185":"A","186":"A","187":";","188":"I","189":"A","190":"A","191":"A","192":";","193":"I","194":"A","195":"A","196":"A","197":";","198":"E","199":"A","200":"A","201":"K","202":";","203":"A","204":"A","205":"C","206":"r","207":"B","208":",","209":"C","210":"A","211":"A","212":"C","213":"\"","214":",","215":"\"","216":"f","217":"i","218":"l","219":"e","220":"\"","221":":","222":"\"","223":"C","224":":","225":"\\","226":"\\","227":"S","228":"e","229":"t","230":"u","231":"p","232":"s","233":"\\","234":"\\","235":"p","236":"o","237":"s","238":"t","239":"i","240":"t","241":"\\","242":"\\","243":"s","244":"r","245":"c","246":"\\","247":"\\","248":"v","249":"i","250":"e","251":"w","252":"s","253":"\\","254":"\\","255":"N","256":"o","257":"t","258":"e","259":".","260":"v","261":"u","262":"e","263":"\"","264":",","265":"\"","266":"s","267":"o","268":"u","269":"r","270":"c","271":"e","272":"s","273":"C","274":"o","275":"n","276":"t","277":"e","278":"n","279":"t","280":"\"","281":":","282":"[","283":"\"","284":"<","285":"t","286":"e","287":"m","288":"p","289":"l","290":"a","291":"t","292":"e","293":">","294":"\\","295":"r","296":"\\","297":"n","298":" ","299":" ","300":"<","301":"N","302":"o","303":"t","304":"e","305":" ","306":"/","307":">","308":"\\","309":"r","310":"\\","311":"n","312":"<","313":"/","314":"t","315":"e","316":"m","317":"p","318":"l","319":"a","320":"t","321":"e","322":">","323":"\\","324":"r","325":"\\","326":"n","327":"\\","328":"r","329":"\\","330":"n","331":"<","332":"s","333":"c","334":"r","335":"i","336":"p","337":"t","338":">","339":"\\","340":"r","341":"\\","342":"n","343":"i","344":"m","345":"p","346":"o","347":"r","348":"t","349":" ","350":"N","351":"o","352":"t","353":"e","354":" ","355":"f","356":"r","357":"o","358":"m","359":" ","360":"'","361":".","362":".","363":"/","364":"c","365":"o","366":"m","367":"p","368":"o","369":"n","370":"e","371":"n","372":"t","373":"s","374":"/","375":"P","376":"o","377":"s","378":"t","379":"D","380":"e","381":"t","382":"a","383":"i","384":"l","385":"s","386":".","387":"v","388":"u","389":"e","390":"'","391":";","392":"\\","393":"r","394":"\\","395":"n","396":"e","397":"x","398":"p","399":"o","400":"r","401":"t","402":" ","403":"d","404":"e","405":"f","406":"a","407":"u","408":"l","409":"t","410":" ","411":"{","412":"\\","413":"r","414":"\\","415":"n","416":" ","417":" ","418":"n","419":"a","420":"m","421":"e","422":":","423":" ","424":"'","425":"N","426":"o","427":"t","428":"e","429":"V","430":"i","431":"e","432":"w","433":"'","434":",","435":"\\","436":"r","437":"\\","438":"n","439":" ","440":" ","441":"c","442":"o","443":"m","444":"p","445":"o","446":"n","447":"e","448":"n","449":"t","450":"s","451":":","452":" ","453":"{","454":" ","455":"N","456":"o","457":"t","458":"e","459":" ","460":"}","461":"\\","462":"r","463":"\\","464":"n","465":"}","466":"\\","467":"r","468":"\\","469":"n","470":"<","471":"/","472":"s","473":"c","474":"r","475":"i","476":"p","477":"t","478":">","479":"\\","480":"r","481":"\\","482":"n","483":"\"","484":"]","485":"}"}}
,"C:\\Setups\\postit\\src\\views\\Notes.vue": {"path":"C:\\Setups\\postit\\src\\views\\Notes.vue","statementMap":{"0":{"start":{"line":4,"column":29},"end":{"line":4,"column":125}},"1":{"start":{"line":5,"column":0},"end":{"line":7,"column":3}},"2":{"start":{"line":8,"column":0},"end":{"line":8,"column":25}},"3":{"start":{"line":23,"column":0},"end":{"line":23,"column":13}},"4":{"start":{"line":25,"column":0},"end":{"line":27,"column":3}},"5":{"start":{"line":28,"column":0},"end":{"line":28,"column":24}},"6":{"start":{"line":29,"column":11},"end":{"line":29,"column":25}},"7":{"start":{"line":31,"column":27},"end":{"line":31,"column":68}},"8":{"start":{"line":32,"column":2},"end":{"line":32,"column":72}},"9":{"start":{"line":33,"column":2},"end":{"line":33,"column":49}}},"fnMap":{"0":{"name":"render","decl":{"start":{"line":30,"column":9},"end":{"line":30,"column":15}},"loc":{"start":{"line":30,"column":30},"end":{"line":33,"column":1}},"line":30}},"branchMap":{},"s":{"0":0,"1":0,"2":0,"3":0,"4":0,"5":0,"6":0,"7":0,"8":0,"9":0},"f":{"0":0},"b":{},"inputSourceMap":{"0":"{","1":"\"","2":"v","3":"e","4":"r","5":"s","6":"i","7":"o","8":"n","9":"\"","10":":","11":"3","12":",","13":"\"","14":"s","15":"o","16":"u","17":"r","18":"c","19":"e","20":"s","21":"\"","22":":","23":"[","24":"\"","25":"C","26":":","27":"\\","28":"\\","29":"S","30":"e","31":"t","32":"u","33":"p","34":"s","35":"\\","36":"\\","37":"p","38":"o","39":"s","40":"t","41":"i","42":"t","43":"\\","44":"\\","45":"s","46":"r","47":"c","48":"\\","49":"\\","50":"v","51":"i","52":"e","53":"w","54":"s","55":"\\","56":"\\","57":"N","58":"o","59":"t","60":"e","61":"s","62":".","63":"v","64":"u","65":"e","66":"\"","67":"]","68":",","69":"\"","70":"n","71":"a","72":"m","73":"e","74":"s","75":"\"","76":":","77":"[","78":"]","79":",","80":"\"","81":"m","82":"a","83":"p","84":"p","85":"i","86":"n","87":"g","88":"s","89":"\"","90":":","91":"\"","92":";","93":";","94":";","95":";","96":";","97":";","98":";","99":";","100":"A","101":"A","102":"K","103":"A","104":";","105":"A","106":"A","107":"A","108":"A","109":";","110":"A","111":"A","112":"A","113":"A","114":";","115":"A","116":"A","117":"A","118":"s","119":"C","120":";","121":"A","122":"A","123":"A","124":"A","125":",","126":"i","127":"C","128":"A","129":"C","130":"v","131":"B","132":";","133":"E","134":"A","135":"C","136":"b","137":",","138":"I","139":"A","140":"A","141":"I","142":",","143":"E","144":"A","145":"A","146":"E","147":",","148":"W","149":"A","150":"A","151":"W","152":";","153":"E","154":"A","155":"C","156":"j","157":"B","158":",","159":"U","160":"A","161":"A","162":"U","163":",","164":"E","165":"A","166":"A","167":"E","168":";","169":"I","170":"A","171":"A","172":"E","173":",","174":"K","175":"A","176":"A","177":"K","178":";","179":"I","180":"A","181":"A","182":"L","183":";","184":"I","185":"A","186":"A","187":"A","188":";","189":"I","190":"A","191":"A","192":"A","193":";","194":"I","195":"A","196":"A","197":"A","198":";","199":"E","200":"A","201":"A","202":"M","203":";","204":"A","205":"A","206":"C","207":"t","208":"B","209":",","210":"C","211":"A","212":"A","213":"C","214":"\"","215":",","216":"\"","217":"f","218":"i","219":"l","220":"e","221":"\"","222":":","223":"\"","224":"C","225":":","226":"\\","227":"\\","228":"S","229":"e","230":"t","231":"u","232":"p","233":"s","234":"\\","235":"\\","236":"p","237":"o","238":"s","239":"t","240":"i","241":"t","242":"\\","243":"\\","244":"s","245":"r","246":"c","247":"\\","248":"\\","249":"v","250":"i","251":"e","252":"w","253":"s","254":"\\","255":"\\","256":"N","257":"o","258":"t","259":"e","260":"s","261":".","262":"v","263":"u","264":"e","265":"\"","266":",","267":"\"","268":"s","269":"o","270":"u","271":"r","272":"c","273":"e","274":"s","275":"C","276":"o","277":"n","278":"t","279":"e","280":"n","281":"t","282":"\"","283":":","284":"[","285":"\"","286":"<","287":"t","288":"e","289":"m","290":"p","291":"l","292":"a","293":"t","294":"e","295":">","296":"\\","297":"r","298":"\\","299":"n","300":" ","301":" ","302":"<","303":"N","304":"o","305":"t","306":"e","307":"s","308":" ","309":"/","310":">","311":"\\","312":"r","313":"\\","314":"n","315":"<","316":"/","317":"t","318":"e","319":"m","320":"p","321":"l","322":"a","323":"t","324":"e","325":">","326":"\\","327":"r","328":"\\","329":"n","330":"\\","331":"r","332":"\\","333":"n","334":"<","335":"s","336":"c","337":"r","338":"i","339":"p","340":"t","341":">","342":"\\","343":"r","344":"\\","345":"n","346":"i","347":"m","348":"p","349":"o","350":"r","351":"t","352":" ","353":"N","354":"o","355":"t","356":"e","357":"s","358":" ","359":"f","360":"r","361":"o","362":"m","363":" ","364":"'","365":".","366":"/","367":"A","368":"l","369":"l","370":"P","371":"o","372":"s","373":"t","374":"V","375":"i","376":"e","377":"w","378":".","379":"v","380":"u","381":"e","382":"'","383":";","384":"\\","385":"r","386":"\\","387":"n","388":"e","389":"x","390":"p","391":"o","392":"r","393":"t","394":" ","395":"d","396":"e","397":"f","398":"a","399":"u","400":"l","401":"t","402":" ","403":"{","404":"\\","405":"r","406":"\\","407":"n","408":" ","409":" ","410":"n","411":"a","412":"m","413":"e","414":":","415":" ","416":"'","417":"N","418":"o","419":"t","420":"e","421":"s","422":"V","423":"i","424":"e","425":"w","426":"'","427":",","428":"\\","429":"r","430":"\\","431":"n","432":" ","433":" ","434":"c","435":"o","436":"m","437":"p","438":"o","439":"n","440":"e","441":"n","442":"t","443":"s","444":":","445":" ","446":"{","447":" ","448":"N","449":"o","450":"t","451":"e","452":"s","453":" ","454":"}","455":"\\","456":"r","457":"\\","458":"n","459":"}","460":"\\","461":"r","462":"\\","463":"n","464":"<","465":"/","466":"s","467":"c","468":"r","469":"i","470":"p","471":"t","472":">","473":"\\","474":"r","475":"\\","476":"n","477":"\"","478":"]","479":"}"}}
}
