TN:
SF:src\App.vue
FN:33,render
FNF:1
FNH:0
FNDA:0,render
DA:4,0
DA:5,0
DA:8,0
DA:23,0
DA:25,0
DA:28,0
DA:29,0
DA:30,0
DA:34,0
DA:35,0
DA:36,0
DA:37,0
LF:12
LH:0
BRF:0
BRH:0
end_of_record
TN:
SF:src\components\ConfirmationDialog.vue
FN:48,render
FN:52,(anonymous_1)
FN:54,(anonymous_2)
FN:57,(anonymous_3)
FNF:4
FNH:4
FNDA:4,render
FNDA:4,(anonymous_1)
FNDA:1,(anonymous_2)
FNDA:1,(anonymous_3)
DA:4,2
DA:7,2
DA:8,2
DA:26,2
DA:28,2
DA:31,2
DA:32,2
DA:33,2
DA:36,2
DA:39,2
DA:42,2
DA:45,2
DA:49,4
DA:52,4
DA:54,1
DA:57,1
DA:61,2
LF:17
LH:17
BRDA:54,0,0,4
BRDA:54,0,1,4
BRDA:57,1,0,4
BRDA:57,1,1,4
BRF:4
BRH:4
end_of_record
TN:
SF:src\components\DeleteConfirmation.vue
FN:13,render
FNF:1
FNH:0
FNDA:0,render
DA:3,0
DA:6,0
DA:7,0
DA:8,0
DA:14,0
DA:15,0
LF:6
LH:0
BRDA:14,0,0,0
BRDA:14,0,1,0
BRF:2
BRH:0
end_of_record
TN:
SF:src\components\HeaderBar.vue
FN:10,(anonymous_0)
FN:17,(anonymous_1)
FN:20,(anonymous_2)
FN:24,(anonymous_3)
FN:49,render
FN:59,(anonymous_5)
FN:61,(anonymous_6)
FN:66,(anonymous_7)
FN:69,(anonymous_8)
FN:90,(anonymous_9)
FN:93,(anonymous_10)
FNF:11
FNH:4
FNDA:8,(anonymous_0)
FNDA:0,(anonymous_1)
FNDA:0,(anonymous_2)
FNDA:0,(anonymous_3)
FNDA:8,render
FNDA:0,(anonymous_5)
FNDA:0,(anonymous_6)
FNDA:0,(anonymous_7)
FNDA:0,(anonymous_8)
FNDA:3,(anonymous_9)
FNDA:1,(anonymous_10)
DA:4,2
DA:7,2
DA:8,2
DA:11,8
DA:18,0
DA:21,0
DA:22,0
DA:25,0
DA:26,0
DA:27,0
DA:32,2
DA:34,2
DA:37,2
DA:38,2
DA:39,2
DA:42,2
DA:46,2
DA:50,8
DA:59,0
DA:61,0
DA:66,0
DA:69,0
DA:90,3
DA:93,1
DA:95,2
LF:25
LH:15
BRDA:26,0,0,0
BRDA:26,0,1,0
BRDA:50,1,0,8
BRDA:50,1,1,8
BRDA:57,2,0,0
BRDA:57,2,1,8
BRDA:59,3,0,0
BRDA:59,3,1,0
BRDA:61,4,0,0
BRDA:61,4,1,0
BRDA:61,5,0,0
BRDA:61,5,1,0
BRDA:63,6,0,0
BRDA:63,6,1,0
BRDA:66,7,0,0
BRDA:66,7,1,0
BRDA:66,8,0,0
BRDA:66,8,1,0
BRDA:69,9,0,8
BRDA:69,9,1,8
BRDA:69,10,0,0
BRDA:69,10,1,0
BRDA:70,11,0,8
BRDA:70,11,1,8
BRDA:90,12,0,8
BRDA:90,12,1,8
BRDA:93,13,0,8
BRDA:93,13,1,8
BRF:28
BRH:11
end_of_record
TN:
SF:src\components\Notification.vue
FN:18,(anonymous_0)
FN:30,(anonymous_1)
FN:36,(anonymous_2)
FN:44,(anonymous_3)
FN:49,(anonymous_4)
FN:53,(anonymous_5)
FN:56,(anonymous_6)
FN:61,(anonymous_7)
FN:67,(anonymous_8)
FN:137,render
FN:141,(anonymous_10)
FN:190,(anonymous_11)
FNF:12
FNH:0
FNDA:0,(anonymous_0)
FNDA:0,(anonymous_1)
FNDA:0,(anonymous_2)
FNDA:0,(anonymous_3)
FNDA:0,(anonymous_4)
FNDA:0,(anonymous_5)
FNDA:0,(anonymous_6)
FNDA:0,(anonymous_7)
FNDA:0,(anonymous_8)
FNDA:0,render
FNDA:0,(anonymous_10)
FNDA:0,(anonymous_11)
DA:4,0
DA:7,0
DA:8,0
DA:18,0
DA:31,0
DA:37,0
DA:38,0
DA:40,0
DA:45,0
DA:46,0
DA:50,0
DA:54,0
DA:55,0
DA:56,0
DA:57,0
DA:62,0
DA:63,0
DA:64,0
DA:68,0
DA:69,0
DA:73,0
DA:75,0
DA:78,0
DA:79,0
DA:80,0
DA:83,0
DA:86,0
DA:98,0
DA:110,0
DA:122,0
DA:134,0
DA:138,0
DA:141,0
DA:190,0
DA:194,0
LF:35
LH:0
BRDA:37,0,0,0
BRDA:37,0,1,0
BRDA:45,1,0,0
BRDA:45,1,1,0
BRDA:55,2,0,0
BRDA:55,2,1,0
BRDA:62,3,0,0
BRDA:62,3,1,0
BRDA:141,4,0,0
BRDA:141,4,1,0
BRDA:144,5,0,0
BRDA:144,5,1,0
BRDA:144,6,0,0
BRDA:144,6,1,0
BRDA:148,7,0,0
BRDA:148,7,1,0
BRDA:148,8,0,0
BRDA:148,8,1,0
BRDA:162,9,0,0
BRDA:162,9,1,0
BRDA:162,10,0,0
BRDA:162,10,1,0
BRDA:174,11,0,0
BRDA:174,11,1,0
BRDA:190,12,0,0
BRDA:190,12,1,0
BRDA:190,13,0,0
BRDA:190,13,1,0
BRF:28
BRH:0
end_of_record
TN:
SF:src\components\NotificationsContainer.vue
FN:62,render
FN:64,(anonymous_1)
FN:71,(anonymous_2)
FNF:3
FNH:0
FNDA:0,render
FNDA:0,(anonymous_1)
FNDA:0,(anonymous_2)
DA:4,0
DA:5,0
DA:8,0
DA:52,0
DA:54,0
DA:57,0
DA:58,0
DA:59,0
DA:63,0
DA:64,0
DA:65,0
DA:71,0
DA:74,0
LF:13
LH:0
BRF:0
BRH:0
end_of_record
TN:
SF:src\components\PostCard.vue
FN:22,(anonymous_0)
FN:31,(anonymous_1)
FN:34,(anonymous_2)
FN:52,render
FN:55,(anonymous_4)
FNF:5
FNH:4
FNDA:13,(anonymous_0)
FNDA:0,(anonymous_1)
FNDA:1,(anonymous_2)
FNDA:17,render
FNDA:1,(anonymous_4)
DA:4,2
DA:7,2
DA:8,2
DA:23,13
DA:24,13
DA:25,1
DA:27,12
DA:32,0
DA:35,1
DA:39,2
DA:41,2
DA:44,2
DA:45,2
DA:46,2
DA:49,2
DA:53,17
DA:55,1
DA:61,2
LF:18
LH:17
BRDA:23,0,0,0
BRDA:23,0,1,13
BRDA:24,1,0,1
BRDA:24,1,1,12
BRDA:55,2,0,17
BRDA:55,2,1,13
BRDA:55,3,0,1
BRDA:55,3,1,1
BRF:8
BRH:7
end_of_record
TN:
SF:src\components\PostDetails.vue
FN:202,render
FN:214,(anonymous_1)
FN:218,(anonymous_2)
FN:222,(anonymous_3)
FN:226,(anonymous_4)
FN:229,(anonymous_5)
FN:238,(anonymous_6)
FN:251,(anonymous_7)
FNF:8
FNH:0
FNDA:0,render
FNDA:0,(anonymous_1)
FNDA:0,(anonymous_2)
FNDA:0,(anonymous_3)
FNDA:0,(anonymous_4)
FNDA:0,(anonymous_5)
FNDA:0,(anonymous_6)
FNDA:0,(anonymous_7)
DA:4,0
DA:5,0
DA:8,0
DA:9,0
DA:164,0
DA:166,0
DA:169,0
DA:170,0
DA:171,0
DA:174,0
DA:177,0
DA:180,0
DA:184,0
DA:188,0
DA:191,0
DA:195,0
DA:199,0
DA:203,0
DA:204,0
DA:205,0
DA:214,0
DA:218,0
DA:222,0
DA:226,0
DA:229,0
DA:238,0
DA:251,0
DA:253,0
LF:28
LH:0
BRDA:205,0,0,0
BRDA:205,0,1,0
BRDA:214,1,0,0
BRDA:214,1,1,0
BRDA:214,2,0,0
BRDA:214,2,1,0
BRDA:215,3,0,0
BRDA:215,3,1,0
BRDA:218,4,0,0
BRDA:218,4,1,0
BRDA:218,5,0,0
BRDA:218,5,1,0
BRDA:219,6,0,0
BRDA:219,6,1,0
BRDA:222,7,0,0
BRDA:222,7,1,0
BRDA:222,8,0,0
BRDA:222,8,1,0
BRDA:223,9,0,0
BRDA:223,9,1,0
BRDA:223,10,0,0
BRDA:223,10,1,0
BRDA:225,11,0,0
BRDA:225,11,1,0
BRDA:226,12,0,0
BRDA:226,12,1,0
BRDA:226,13,0,0
BRDA:226,13,1,0
BRDA:229,14,0,0
BRDA:229,14,1,0
BRDA:229,15,0,0
BRDA:229,15,1,0
BRDA:231,16,0,0
BRDA:231,16,1,0
BRDA:235,17,0,0
BRDA:235,17,1,0
BRDA:237,18,0,0
BRDA:237,18,1,0
BRDA:238,19,0,0
BRDA:238,19,1,0
BRDA:238,20,0,0
BRDA:238,20,1,0
BRDA:240,21,0,0
BRDA:240,21,1,0
BRDA:246,22,0,0
BRDA:246,22,1,0
BRDA:251,23,0,0
BRDA:251,23,1,0
BRF:48
BRH:0
end_of_record
TN:
SF:src\components\PostModal.vue
FN:15,(anonymous_0)
FN:22,(anonymous_1)
FN:32,(anonymous_2)
FN:35,(anonymous_3)
FN:64,render
FN:67,(anonymous_5)
FN:70,(anonymous_6)
FN:73,(anonymous_7)
FN:78,(anonymous_8)
FNF:9
FNH:7
FNDA:7,(anonymous_0)
FNDA:2,(anonymous_1)
FNDA:0,(anonymous_2)
FNDA:0,(anonymous_3)
FNDA:11,render
FNDA:1,(anonymous_5)
FNDA:2,(anonymous_6)
FNDA:2,(anonymous_7)
FNDA:2,(anonymous_8)
DA:4,2
DA:7,2
DA:8,2
DA:16,7
DA:23,2
DA:24,2
DA:28,2
DA:33,0
DA:36,0
DA:37,0
DA:39,0
DA:44,2
DA:46,2
DA:49,2
DA:50,2
DA:51,2
DA:54,2
DA:57,2
DA:60,2
DA:65,11
DA:67,1
DA:70,2
DA:73,2
DA:78,2
DA:84,2
LF:25
LH:21
BRDA:17,0,0,7
BRDA:17,0,1,6
BRDA:18,1,0,7
BRDA:18,1,1,6
BRDA:33,2,0,0
BRDA:33,2,1,0
BRDA:36,3,0,0
BRDA:36,3,1,0
BRDA:39,4,0,0
BRDA:39,4,1,0
BRDA:65,5,0,2
BRDA:65,5,1,9
BRDA:67,6,0,11
BRDA:67,6,1,7
BRDA:70,7,0,11
BRDA:70,7,1,7
BRDA:70,8,0,2
BRDA:70,8,1,2
BRDA:71,9,0,11
BRDA:71,9,1,7
BRDA:73,10,0,11
BRDA:73,10,1,7
BRDA:77,11,0,11
BRDA:77,11,1,7
BRDA:78,12,0,11
BRDA:78,12,1,7
BRDA:83,13,0,2
BRDA:83,13,1,9
BRF:28
BRH:22
end_of_record
TN:
SF:src\services\api.js
FN:13,(anonymous_0)
FN:24,(anonymous_1)
FN:35,(anonymous_2)
FN:59,(anonymous_3)
FN:90,(anonymous_4)
FNF:5
FNH:0
FNDA:0,(anonymous_0)
FNDA:0,(anonymous_1)
FNDA:0,(anonymous_2)
FNDA:0,(anonymous_3)
FNDA:0,(anonymous_4)
DA:4,0
DA:14,0
DA:15,0
DA:17,0
DA:18,0
DA:19,0
DA:25,0
DA:26,0
DA:28,0
DA:29,0
DA:30,0
DA:36,0
DA:38,0
DA:43,0
DA:44,0
DA:47,0
DA:49,0
DA:50,0
DA:52,0
DA:53,0
DA:54,0
DA:61,0
DA:66,0
DA:67,0
DA:70,0
DA:71,0
DA:73,0
DA:74,0
DA:75,0
DA:76,0
DA:78,0
DA:79,0
DA:80,0
DA:85,0
DA:91,0
DA:92,0
DA:94,0
DA:95,0
DA:96,0
LF:39
LH:0
BRDA:40,0,0,0
BRDA:40,0,1,0
BRDA:43,1,0,0
BRDA:43,1,1,0
BRDA:63,2,0,0
BRDA:63,2,1,0
BRDA:66,3,0,0
BRDA:66,3,1,0
BRDA:83,4,0,0
BRDA:83,4,1,0
BRF:10
BRH:0
end_of_record
TN:
SF:src\services\notification.js
FN:9,(anonymous_0)
FN:16,(anonymous_1)
FN:24,(anonymous_2)
FN:25,(anonymous_3)
FN:31,(anonymous_4)
FN:35,(anonymous_5)
FN:39,(anonymous_6)
FN:43,(anonymous_7)
FN:47,(anonymous_8)
FNF:9
FNH:7
FNDA:7,(anonymous_0)
FNDA:0,(anonymous_1)
FNDA:1,(anonymous_2)
FNDA:6,(anonymous_3)
FNDA:2,(anonymous_4)
FNDA:1,(anonymous_5)
FNDA:1,(anonymous_6)
FNDA:1,(anonymous_7)
FNDA:0,(anonymous_8)
DA:3,3
DA:8,3
DA:10,7
DA:11,7
DA:13,7
DA:15,7
DA:16,7
DA:17,0
DA:21,7
DA:25,6
DA:26,1
DA:27,1
DA:32,2
DA:36,1
DA:40,1
DA:44,1
DA:48,0
LF:17
LH:15
BRDA:9,0,0,2
BRDA:9,1,0,7
BRDA:15,2,0,7
BRDA:15,2,1,0
BRDA:26,3,0,1
BRDA:26,3,1,0
BRF:6
BRH:4
end_of_record
TN:
SF:src\stores\notes.js
FN:6,(anonymous_0)
FN:12,(anonymous_1)
FN:63,(anonymous_2)
FN:94,(anonymous_3)
FN:106,(anonymous_4)
FN:165,(anonymous_5)
FN:179,(anonymous_6)
FN:200,(anonymous_7)
FN:210,(anonymous_8)
FN:227,(anonymous_9)
FN:234,(anonymous_10)
FN:247,(anonymous_11)
FN:253,(anonymous_12)
FN:264,(anonymous_13)
FN:276,(anonymous_14)
FNF:15
FNH:4
FNDA:7,(anonymous_0)
FNDA:5,(anonymous_1)
FNDA:0,(anonymous_2)
FNDA:0,(anonymous_3)
FNDA:3,(anonymous_4)
FNDA:0,(anonymous_5)
FNDA:0,(anonymous_6)
FNDA:0,(anonymous_7)
FNDA:0,(anonymous_8)
FNDA:0,(anonymous_9)
FNDA:0,(anonymous_10)
FNDA:0,(anonymous_11)
FNDA:0,(anonymous_12)
FNDA:0,(anonymous_13)
FNDA:3,(anonymous_14)
DA:5,2
DA:6,7
DA:13,5
DA:14,5
DA:15,5
DA:16,5
DA:17,4
DA:18,4
DA:19,4
DA:21,4
DA:22,0
DA:23,0
DA:24,0
DA:26,0
DA:27,0
DA:28,0
DA:30,0
DA:31,0
DA:33,4
DA:34,4
DA:35,4
DA:37,0
DA:38,0
DA:41,4
DA:42,4
DA:43,4
DA:44,4
DA:46,4
DA:47,0
DA:48,0
DA:49,0
DA:50,0
DA:51,0
DA:55,1
DA:56,1
DA:57,1
DA:59,5
DA:64,0
DA:65,0
DA:66,0
DA:67,0
DA:68,0
DA:69,0
DA:71,0
DA:72,0
DA:73,0
DA:75,0
DA:76,0
DA:78,0
DA:79,0
DA:80,0
DA:83,0
DA:84,0
DA:85,0
DA:88,0
DA:89,0
DA:91,0
DA:92,0
DA:94,0
DA:95,0
DA:99,0
DA:100,0
DA:102,0
DA:107,3
DA:108,3
DA:109,3
DA:110,3
DA:112,3
DA:113,3
DA:114,0
DA:115,0
DA:118,3
DA:120,3
DA:121,2
DA:124,2
DA:125,0
DA:130,2
DA:131,2
DA:133,0
DA:136,2
DA:138,2
DA:139,0
DA:140,0
DA:143,2
DA:144,2
DA:145,2
DA:147,1
DA:148,1
DA:150,1
DA:152,1
DA:157,1
DA:158,1
DA:159,1
DA:161,3
DA:166,0
DA:167,0
DA:168,0
DA:169,0
DA:171,0
DA:176,0
DA:177,0
DA:179,0
DA:180,0
DA:184,0
DA:185,0
DA:189,0
DA:190,0
DA:192,0
DA:195,0
DA:196,0
DA:199,0
DA:200,0
DA:201,0
DA:205,0
DA:206,0
DA:207,0
DA:210,0
DA:211,0
DA:215,0
DA:216,0
DA:219,0
DA:221,0
DA:223,0
DA:228,0
DA:229,0
DA:230,0
DA:231,0
DA:232,0
DA:234,0
DA:235,0
DA:239,0
DA:240,0
DA:242,0
DA:243,0
DA:246,0
DA:247,0
DA:248,0
DA:252,0
DA:253,0
DA:254,0
DA:258,0
DA:260,0
DA:265,0
DA:266,0
DA:267,0
DA:268,0
DA:270,0
DA:271,0
DA:272,0
DA:277,3
LF:150
LH:48
BRDA:21,0,0,0
BRDA:21,0,1,4
BRDA:21,1,0,4
BRDA:21,1,1,4
BRDA:24,2,0,0
BRDA:24,2,1,0
BRDA:26,3,0,0
BRDA:26,3,1,0
BRDA:33,4,0,4
BRDA:33,4,1,0
BRDA:46,5,0,0
BRDA:46,5,1,4
BRDA:48,6,0,0
BRDA:48,6,1,0
BRDA:49,7,0,0
BRDA:49,7,1,0
BRDA:55,8,0,1
BRDA:55,8,1,0
BRDA:57,9,0,1
BRDA:57,9,1,0
BRDA:71,10,0,0
BRDA:71,10,1,0
BRDA:75,11,0,0
BRDA:75,11,1,0
BRDA:75,12,0,0
BRDA:75,12,1,0
BRDA:88,13,0,0
BRDA:88,13,1,0
BRDA:92,14,0,0
BRDA:92,14,1,0
BRDA:95,15,0,0
BRDA:95,15,1,0
BRDA:95,15,2,0
BRDA:95,15,3,0
BRDA:95,15,4,0
BRDA:100,16,0,0
BRDA:100,16,1,0
BRDA:113,17,0,0
BRDA:113,17,1,3
BRDA:124,18,0,0
BRDA:124,18,1,2
BRDA:124,19,0,2
BRDA:124,19,1,2
BRDA:130,20,0,2
BRDA:130,20,1,0
BRDA:138,21,0,0
BRDA:138,21,1,2
BRDA:147,22,0,1
BRDA:147,22,1,0
BRDA:150,23,0,0
BRDA:150,23,1,1
BRDA:173,24,0,0
BRDA:173,24,1,0
BRDA:180,25,0,0
BRDA:180,25,1,0
BRDA:180,25,2,0
BRDA:180,25,3,0
BRDA:180,25,4,0
BRDA:184,26,0,0
BRDA:184,26,1,0
BRDA:195,27,0,0
BRDA:195,27,1,0
BRDA:199,28,0,0
BRDA:199,28,1,0
BRDA:201,29,0,0
BRDA:201,29,1,0
BRDA:201,29,2,0
BRDA:201,29,3,0
BRDA:201,29,4,0
BRDA:205,30,0,0
BRDA:205,30,1,0
BRDA:211,31,0,0
BRDA:211,31,1,0
BRDA:211,31,2,0
BRDA:211,31,3,0
BRDA:211,31,4,0
BRDA:215,32,0,0
BRDA:215,32,1,0
BRDA:235,33,0,0
BRDA:235,33,1,0
BRDA:235,33,2,0
BRDA:235,33,3,0
BRDA:242,34,0,0
BRDA:242,34,1,0
BRDA:246,35,0,0
BRDA:246,35,1,0
BRDA:248,36,0,0
BRDA:248,36,1,0
BRDA:248,36,2,0
BRDA:248,36,3,0
BRDA:254,37,0,0
BRDA:254,37,1,0
BRDA:254,37,2,0
BRDA:254,37,3,0
BRF:94
BRH:15
end_of_record
TN:
SF:src\views\APostInfoView.vue
FNF:0
FNH:0
LF:0
LH:0
BRF:0
BRH:0
end_of_record
TN:
SF:src\views\AllPostView.vue
FN:358,render
FN:373,(anonymous_1)
FN:380,(anonymous_2)
FN:381,(anonymous_3)
FN:394,(anonymous_4)
FNF:5
FNH:2
FNDA:13,render
FNDA:13,(anonymous_1)
FNDA:0,(anonymous_2)
FNDA:0,(anonymous_3)
FNDA:0,(anonymous_4)
DA:4,1
DA:5,1
DA:8,1
DA:9,1
DA:10,1
DA:11,1
DA:323,1
DA:326,1
DA:327,1
DA:328,1
DA:331,1
DA:335,1
DA:339,1
DA:343,1
DA:347,1
DA:351,1
DA:355,1
DA:359,13
DA:374,13
DA:380,0
DA:381,0
DA:394,0
DA:396,1
LF:23
LH:20
BRDA:360,0,0,2
BRDA:360,0,1,11
BRDA:365,1,0,4
BRDA:365,1,1,9
BRDA:365,2,0,4
BRDA:365,2,1,3
BRDA:367,3,0,0
BRDA:367,3,1,9
BRDA:370,4,0,0
BRDA:370,4,1,9
BRDA:370,5,0,9
BRDA:370,5,1,0
BRDA:379,6,0,13
BRDA:379,6,1,0
BRDA:383,7,0,3
BRDA:383,7,1,6
BRDA:383,8,0,9
BRDA:383,8,1,9
BRDA:383,8,2,3
BRDA:383,9,0,3
BRDA:383,9,1,3
BRDA:383,10,0,2
BRDA:383,10,1,11
BRDA:389,11,0,0
BRDA:389,11,1,13
BRDA:394,12,0,0
BRDA:394,12,1,0
BRF:27
BRH:20
end_of_record
TN:
SF:src\views\Home.vue
FN:12,(anonymous_0)
FN:30,render
FNF:2
FNH:0
FNDA:0,(anonymous_0)
FNDA:0,render
DA:4,0
DA:7,0
DA:8,0
DA:9,0
DA:13,0
DA:20,0
DA:22,0
DA:25,0
DA:26,0
DA:27,0
DA:31,0
DA:32,0
LF:12
LH:0
BRDA:31,0,0,0
BRDA:31,0,1,0
BRF:2
BRH:0
end_of_record
TN:
SF:src\views\Note.vue
FN:30,render
FNF:1
FNH:0
FNDA:0,render
DA:4,0
DA:5,0
DA:8,0
DA:23,0
DA:25,0
DA:28,0
DA:29,0
DA:31,0
DA:32,0
DA:33,0
LF:10
LH:0
BRF:0
BRH:0
end_of_record
TN:
SF:src\views\Notes.vue
FN:30,render
FNF:1
FNH:0
FNDA:0,render
DA:4,0
DA:5,0
DA:8,0
DA:23,0
DA:25,0
DA:28,0
DA:29,0
DA:31,0
DA:32,0
DA:33,0
LF:10
LH:0
BRF:0
BRH:0
end_of_record
